08134385K 09066309P; ; 2025-05-15 12:34:33.499 CEST LOG:  iniciando PostgreSQL 16.4, compiled by Visual C++ build 1941, 64-bit
08134385K 09066309P; ; 2025-05-15 12:34:33.500 CEST LOG:  escuchando en la dirección IPv6 «::», port 5435
08134385K 09066309P; ; 2025-05-15 12:34:33.500 CEST LOG:  escuchando en la dirección IPv4 «0.0.0.0», port 5435
08134385K 09066309P; ; 2025-05-15 12:34:33.548 CEST LOG:  el sistema de bases de datos fue interrumpido durante la recuperación en el instante de registro 2025-05-15 12:21:42 CEST
08134385K 09066309P; ; 2025-05-15 12:34:33.548 CEST HINT:  Si esto ha ocurrido más de una vez, algunos datos podrían estar corruptos y podría ser necesario escoger un punto de recuperación anterior.
08134385K 09066309P; ; 2025-05-15 12:34:34.678 CEST LOG:  el sistema de bases de datos no fue apagado apropiadamente; se está efectuando la recuperación automática
08134385K 09066309P; ; 2025-05-15 12:34:34.683 CEST LOG:  redo comienza en 9/8F006F90
08134385K 09066309P; ; 2025-05-15 12:34:34.683 CEST LOG:  largo de registro no válido en 9/8F007078: se esperaba al menos 24, se obtuvo 0
08134385K 09066309P; ; 2025-05-15 12:34:34.683 CEST LOG:  redo listo en 9/8F007040 utilización del sistema: CPU: usuario: 0.00 s, sistema: 0.00 s, transcurrido: 0.00 s
08134385K 09066309P; ; 2025-05-15 12:34:34.691 CEST LOG:  empezando checkpoint: end-of-recovery immediate wait
08134385K 09066309P; ; 2025-05-15 12:34:34.707 CEST LOG:  checkpoint completo: escritos 3 búfers (0.0%); 0 archivos WAL añadidos, 0 eliminados, 0 reciclados; write=0.003 s, sync=0.004 s, total=0.020 s; archivos sincronizados=2, más largo=0.002 s, promedio=0.002 s; distancia=0 kB, estimación=0 kB; lsn=9/8F007078, lsn de redo=9/8F007078
08134385K 09066309P; ; 2025-05-15 12:34:34.723 CEST LOG:  el sistema de bases de datos está listo para aceptar conexiones
08134385K 09066309P; ::1(57203); 2025-05-15 12:36:40.436 CEST LOG:  sentencia: DELETE FROM pagos;
08134385K 09066309P; ::1(57203); 2025-05-15 12:36:40.441 CEST LOG:  sentencia: DELETE FROM incidencias;
08134385K 09066309P; ::1(57203); 2025-05-15 12:36:40.443 CEST LOG:  sentencia: DELETE FROM reservas;
08134385K 09066309P; ::1(57203); 2025-05-15 12:36:40.447 CEST LOG:  sentencia: DELETE FROM vehiculos;
08134385K 09066309P; ::1(57203); 2025-05-15 12:36:40.448 CEST LOG:  sentencia: DELETE FROM plazas;
08134385K 09066309P; ::1(57203); 2025-05-15 12:36:40.450 CEST LOG:  sentencia: DELETE FROM clientes;
08134385K 09066309P; ::1(57203); 2025-05-15 12:36:40.453 CEST LOG:  sentencia: CREATE SUBSCRIPTION telpark_sub
	    CONNECTION 'host=localhost port=5433 dbname=telpark user=postgres password=Gaturro2005'
	    PUBLICATION telpark_pub
08134385K 09066309P; ; 2025-05-15 12:36:40.591 CEST LOG:  el ayudante «apply» de replicación lógica para la suscripción «telpark_sub» ha iniciado
08134385K 09066309P; ; 2025-05-15 12:36:40.796 CEST LOG:  el ayudante de sincronización de tabla de replicación lógica para la suscripción «telpark_sub», tabla «pagos» ha iniciado
08134385K 09066309P; ; 2025-05-15 12:36:40.830 CEST LOG:  el ayudante de sincronización de tabla de replicación lógica para la suscripción «telpark_sub», tabla «reservas» ha iniciado
08134385K 09066309P; ; 2025-05-15 12:36:40.928 CEST LOG:  el ayudante de sincronización de tabla de replicación lógica para la suscripción «telpark_sub», tabla «reservas» ha terminado
08134385K 09066309P; ; 2025-05-15 12:36:40.971 CEST LOG:  el ayudante de sincronización de tabla de replicación lógica para la suscripción «telpark_sub», tabla «incidencias» ha iniciado
08134385K 09066309P; ; 2025-05-15 12:36:40.999 CEST LOG:  el ayudante de sincronización de tabla de replicación lógica para la suscripción «telpark_sub», tabla «pagos» ha terminado
08134385K 09066309P; ; 2025-05-15 12:36:41.042 CEST LOG:  el ayudante de sincronización de tabla de replicación lógica para la suscripción «telpark_sub», tabla «clientes» ha iniciado
08134385K 09066309P; ; 2025-05-15 12:36:41.066 CEST LOG:  el ayudante de sincronización de tabla de replicación lógica para la suscripción «telpark_sub», tabla «incidencias» ha terminado
08134385K 09066309P; ; 2025-05-15 12:36:41.109 CEST LOG:  el ayudante de sincronización de tabla de replicación lógica para la suscripción «telpark_sub», tabla «vehiculos» ha iniciado
08134385K 09066309P; ; 2025-05-15 12:36:41.135 CEST LOG:  el ayudante de sincronización de tabla de replicación lógica para la suscripción «telpark_sub», tabla «clientes» ha terminado
08134385K 09066309P; ; 2025-05-15 12:36:41.175 CEST LOG:  el ayudante de sincronización de tabla de replicación lógica para la suscripción «telpark_sub», tabla «plazas» ha iniciado
08134385K 09066309P; ; 2025-05-15 12:36:41.201 CEST LOG:  el ayudante de sincronización de tabla de replicación lógica para la suscripción «telpark_sub», tabla «vehiculos» ha terminado
08134385K 09066309P; ; 2025-05-15 12:36:41.262 CEST LOG:  el ayudante de sincronización de tabla de replicación lógica para la suscripción «telpark_sub», tabla «plazas» ha terminado
08134385K 09066309P; ; 2025-05-15 12:39:34.707 CEST LOG:  empezando checkpoint: time
08134385K 09066309P; ; 2025-05-15 12:39:39.314 CEST LOG:  checkpoint completo: escritos 43 búfers (0.3%); 0 archivos WAL añadidos, 0 eliminados, 0 reciclados; write=4.561 s, sync=0.034 s, total=4.608 s; archivos sincronizados=31, más largo=0.005 s, promedio=0.002 s; distancia=159 kB, estimación=159 kB; lsn=9/8F02F090, lsn de redo=9/8F02F058
08134385K 09066309P; ; 2025-05-15 12:41:31.935 CEST LOG:  el flujo de datos del publisher ha terminado
08134385K 09066309P; ; 2025-05-15 12:41:31.938 CEST ERROR:  no se pudo enviar el mensaje fin-de-flujo al primario: el servidor ha cerrado la conexión inesperadamente
		Probablemente se debe a que el servidor terminó de manera anormal
		antes o durante el procesamiento de la petición.
	no hay COPY alguno en ejecución
08134385K 09066309P; ; 2025-05-15 12:41:31.944 CEST LOG:  proceso ayudante «logical replication worker» (PID 39560) terminó con código de salida 1
08134385K 09066309P; ; 2025-05-15 12:41:32.090 CEST LOG:  el ayudante «apply» de replicación lógica para la suscripción «telpark_sub» ha iniciado
08134385K 09066309P; ; 2025-05-15 12:41:36.185 CEST ERROR:  no se pudo connectar con el editor (publisher): falló la conexión al servidor en «localhost» (::1), puerto 5433: Connection refused (0x0000274D/10061)
		¿Está el servidor en ejecución en ese host y aceptando conexiones TCP/IP?
	falló la conexión al servidor en «localhost» (127.0.0.1), puerto 5433: Connection refused (0x0000274D/10061)
		¿Está el servidor en ejecución en ese host y aceptando conexiones TCP/IP?
08134385K 09066309P; ; 2025-05-15 12:41:36.192 CEST LOG:  proceso ayudante «logical replication worker» (PID 58884) terminó con código de salida 1
08134385K 09066309P; ; 2025-05-15 12:41:36.989 CEST LOG:  el ayudante «apply» de replicación lógica para la suscripción «telpark_sub» ha iniciado
08134385K 09066309P; ; 2025-05-15 12:41:41.077 CEST ERROR:  no se pudo connectar con el editor (publisher): falló la conexión al servidor en «localhost» (::1), puerto 5433: Connection refused (0x0000274D/10061)
		¿Está el servidor en ejecución en ese host y aceptando conexiones TCP/IP?
	falló la conexión al servidor en «localhost» (127.0.0.1), puerto 5433: Connection refused (0x0000274D/10061)
		¿Está el servidor en ejecución en ese host y aceptando conexiones TCP/IP?
08134385K 09066309P; ; 2025-05-15 12:41:41.083 CEST LOG:  proceso ayudante «logical replication worker» (PID 45148) terminó con código de salida 1
08134385K 09066309P; ; 2025-05-15 12:41:41.990 CEST LOG:  el ayudante «apply» de replicación lógica para la suscripción «telpark_sub» ha iniciado
08134385K 09066309P; ; 2025-05-15 12:41:46.115 CEST ERROR:  no se pudo connectar con el editor (publisher): falló la conexión al servidor en «localhost» (::1), puerto 5433: Connection refused (0x0000274D/10061)
		¿Está el servidor en ejecución en ese host y aceptando conexiones TCP/IP?
	falló la conexión al servidor en «localhost» (127.0.0.1), puerto 5433: Connection refused (0x0000274D/10061)
		¿Está el servidor en ejecución en ese host y aceptando conexiones TCP/IP?
08134385K 09066309P; ; 2025-05-15 12:41:46.124 CEST LOG:  proceso ayudante «logical replication worker» (PID 54372) terminó con código de salida 1
08134385K 09066309P; ; 2025-05-15 12:41:46.997 CEST LOG:  el ayudante «apply» de replicación lógica para la suscripción «telpark_sub» ha iniciado
08134385K 09066309P; ; 2025-05-15 12:41:51.108 CEST ERROR:  no se pudo connectar con el editor (publisher): falló la conexión al servidor en «localhost» (::1), puerto 5433: Connection refused (0x0000274D/10061)
		¿Está el servidor en ejecución en ese host y aceptando conexiones TCP/IP?
	falló la conexión al servidor en «localhost» (127.0.0.1), puerto 5433: Connection refused (0x0000274D/10061)
		¿Está el servidor en ejecución en ese host y aceptando conexiones TCP/IP?
08134385K 09066309P; ; 2025-05-15 12:41:51.117 CEST LOG:  proceso ayudante «logical replication worker» (PID 34228) terminó con código de salida 1
08134385K 09066309P; ; 2025-05-15 12:41:52.118 CEST LOG:  el ayudante «apply» de replicación lógica para la suscripción «telpark_sub» ha iniciado
08134385K 09066309P; ; 2025-05-15 12:41:56.214 CEST ERROR:  no se pudo connectar con el editor (publisher): falló la conexión al servidor en «localhost» (::1), puerto 5433: Connection refused (0x0000274D/10061)
		¿Está el servidor en ejecución en ese host y aceptando conexiones TCP/IP?
	falló la conexión al servidor en «localhost» (127.0.0.1), puerto 5433: Connection refused (0x0000274D/10061)
		¿Está el servidor en ejecución en ese host y aceptando conexiones TCP/IP?
08134385K 09066309P; ; 2025-05-15 12:41:56.219 CEST LOG:  proceso ayudante «logical replication worker» (PID 36560) terminó con código de salida 1
08134385K 09066309P; ; 2025-05-15 12:41:57.015 CEST LOG:  el ayudante «apply» de replicación lógica para la suscripción «telpark_sub» ha iniciado
08134385K 09066309P; ; 2025-05-15 12:42:01.106 CEST ERROR:  no se pudo connectar con el editor (publisher): falló la conexión al servidor en «localhost» (::1), puerto 5433: Connection refused (0x0000274D/10061)
		¿Está el servidor en ejecución en ese host y aceptando conexiones TCP/IP?
	falló la conexión al servidor en «localhost» (127.0.0.1), puerto 5433: Connection refused (0x0000274D/10061)
		¿Está el servidor en ejecución en ese host y aceptando conexiones TCP/IP?
08134385K 09066309P; ; 2025-05-15 12:42:01.114 CEST LOG:  proceso ayudante «logical replication worker» (PID 55484) terminó con código de salida 1
08134385K 09066309P; ; 2025-05-15 12:42:02.109 CEST LOG:  el ayudante «apply» de replicación lógica para la suscripción «telpark_sub» ha iniciado
08134385K 09066309P; ; 2025-05-15 12:42:06.199 CEST ERROR:  no se pudo connectar con el editor (publisher): falló la conexión al servidor en «localhost» (::1), puerto 5433: Connection refused (0x0000274D/10061)
		¿Está el servidor en ejecución en ese host y aceptando conexiones TCP/IP?
	falló la conexión al servidor en «localhost» (127.0.0.1), puerto 5433: Connection refused (0x0000274D/10061)
		¿Está el servidor en ejecución en ese host y aceptando conexiones TCP/IP?
08134385K 09066309P; ; 2025-05-15 12:42:06.208 CEST LOG:  proceso ayudante «logical replication worker» (PID 43936) terminó con código de salida 1
08134385K 09066309P; ; 2025-05-15 12:42:07.017 CEST LOG:  el ayudante «apply» de replicación lógica para la suscripción «telpark_sub» ha iniciado
08134385K 09066309P; ; 2025-05-15 12:42:11.137 CEST ERROR:  no se pudo connectar con el editor (publisher): falló la conexión al servidor en «localhost» (::1), puerto 5433: Connection refused (0x0000274D/10061)
		¿Está el servidor en ejecución en ese host y aceptando conexiones TCP/IP?
	falló la conexión al servidor en «localhost» (127.0.0.1), puerto 5433: Connection refused (0x0000274D/10061)
		¿Está el servidor en ejecución en ese host y aceptando conexiones TCP/IP?
08134385K 09066309P; ; 2025-05-15 12:42:11.145 CEST LOG:  proceso ayudante «logical replication worker» (PID 31804) terminó con código de salida 1
08134385K 09066309P; ; 2025-05-15 12:42:12.034 CEST LOG:  el ayudante «apply» de replicación lógica para la suscripción «telpark_sub» ha iniciado
08134385K 09066309P; ; 2025-05-15 12:42:16.112 CEST ERROR:  no se pudo connectar con el editor (publisher): falló la conexión al servidor en «localhost» (::1), puerto 5433: Connection refused (0x0000274D/10061)
		¿Está el servidor en ejecución en ese host y aceptando conexiones TCP/IP?
	falló la conexión al servidor en «localhost» (127.0.0.1), puerto 5433: Connection refused (0x0000274D/10061)
		¿Está el servidor en ejecución en ese host y aceptando conexiones TCP/IP?
08134385K 09066309P; ; 2025-05-15 12:42:16.121 CEST LOG:  proceso ayudante «logical replication worker» (PID 8476) terminó con código de salida 1
08134385K 09066309P; ; 2025-05-15 12:42:17.154 CEST LOG:  el ayudante «apply» de replicación lógica para la suscripción «telpark_sub» ha iniciado
08134385K 09066309P; ; 2025-05-15 12:42:21.243 CEST ERROR:  no se pudo connectar con el editor (publisher): falló la conexión al servidor en «localhost» (::1), puerto 5433: Connection refused (0x0000274D/10061)
		¿Está el servidor en ejecución en ese host y aceptando conexiones TCP/IP?
	falló la conexión al servidor en «localhost» (127.0.0.1), puerto 5433: Connection refused (0x0000274D/10061)
		¿Está el servidor en ejecución en ese host y aceptando conexiones TCP/IP?
08134385K 09066309P; ; 2025-05-15 12:42:21.254 CEST LOG:  proceso ayudante «logical replication worker» (PID 66700) terminó con código de salida 1
08134385K 09066309P; ; 2025-05-15 12:42:22.154 CEST LOG:  el ayudante «apply» de replicación lógica para la suscripción «telpark_sub» ha iniciado
08134385K 09066309P; ; 2025-05-15 12:42:26.276 CEST ERROR:  no se pudo connectar con el editor (publisher): falló la conexión al servidor en «localhost» (::1), puerto 5433: Connection refused (0x0000274D/10061)
		¿Está el servidor en ejecución en ese host y aceptando conexiones TCP/IP?
	falló la conexión al servidor en «localhost» (127.0.0.1), puerto 5433: Connection refused (0x0000274D/10061)
		¿Está el servidor en ejecución en ese host y aceptando conexiones TCP/IP?
08134385K 09066309P; ; 2025-05-15 12:42:26.284 CEST LOG:  proceso ayudante «logical replication worker» (PID 73160) terminó con código de salida 1
08134385K 09066309P; ; 2025-05-15 12:42:27.041 CEST LOG:  el ayudante «apply» de replicación lógica para la suscripción «telpark_sub» ha iniciado
08134385K 09066309P; ; 2025-05-15 12:42:31.149 CEST ERROR:  no se pudo connectar con el editor (publisher): falló la conexión al servidor en «localhost» (::1), puerto 5433: Connection refused (0x0000274D/10061)
		¿Está el servidor en ejecución en ese host y aceptando conexiones TCP/IP?
	falló la conexión al servidor en «localhost» (127.0.0.1), puerto 5433: Connection refused (0x0000274D/10061)
		¿Está el servidor en ejecución en ese host y aceptando conexiones TCP/IP?
08134385K 09066309P; ; 2025-05-15 12:42:31.156 CEST LOG:  proceso ayudante «logical replication worker» (PID 25972) terminó con código de salida 1
08134385K 09066309P; ; 2025-05-15 12:42:32.048 CEST LOG:  el ayudante «apply» de replicación lógica para la suscripción «telpark_sub» ha iniciado
08134385K 09066309P; ; 2025-05-15 12:42:36.149 CEST ERROR:  no se pudo connectar con el editor (publisher): falló la conexión al servidor en «localhost» (::1), puerto 5433: Connection refused (0x0000274D/10061)
		¿Está el servidor en ejecución en ese host y aceptando conexiones TCP/IP?
	falló la conexión al servidor en «localhost» (127.0.0.1), puerto 5433: Connection refused (0x0000274D/10061)
		¿Está el servidor en ejecución en ese host y aceptando conexiones TCP/IP?
08134385K 09066309P; ; 2025-05-15 12:42:36.156 CEST LOG:  proceso ayudante «logical replication worker» (PID 65128) terminó con código de salida 1
08134385K 09066309P; ; 2025-05-15 12:42:37.049 CEST LOG:  el ayudante «apply» de replicación lógica para la suscripción «telpark_sub» ha iniciado
08134385K 09066309P; ; 2025-05-15 12:42:41.150 CEST ERROR:  no se pudo connectar con el editor (publisher): falló la conexión al servidor en «localhost» (::1), puerto 5433: Connection refused (0x0000274D/10061)
		¿Está el servidor en ejecución en ese host y aceptando conexiones TCP/IP?
	falló la conexión al servidor en «localhost» (127.0.0.1), puerto 5433: Connection refused (0x0000274D/10061)
		¿Está el servidor en ejecución en ese host y aceptando conexiones TCP/IP?
08134385K 09066309P; ; 2025-05-15 12:42:41.156 CEST LOG:  proceso ayudante «logical replication worker» (PID 45812) terminó con código de salida 1
08134385K 09066309P; ; 2025-05-15 12:42:42.057 CEST LOG:  el ayudante «apply» de replicación lógica para la suscripción «telpark_sub» ha iniciado
08134385K 09066309P; ; 2025-05-15 12:42:46.155 CEST ERROR:  no se pudo connectar con el editor (publisher): falló la conexión al servidor en «localhost» (::1), puerto 5433: Connection refused (0x0000274D/10061)
		¿Está el servidor en ejecución en ese host y aceptando conexiones TCP/IP?
	falló la conexión al servidor en «localhost» (127.0.0.1), puerto 5433: Connection refused (0x0000274D/10061)
		¿Está el servidor en ejecución en ese host y aceptando conexiones TCP/IP?
08134385K 09066309P; ; 2025-05-15 12:42:46.165 CEST LOG:  proceso ayudante «logical replication worker» (PID 54896) terminó con código de salida 1
08134385K 09066309P; ; 2025-05-15 12:42:47.064 CEST LOG:  el ayudante «apply» de replicación lógica para la suscripción «telpark_sub» ha iniciado
08134385K 09066309P; ; 2025-05-15 12:42:51.144 CEST ERROR:  no se pudo connectar con el editor (publisher): falló la conexión al servidor en «localhost» (::1), puerto 5433: Connection refused (0x0000274D/10061)
		¿Está el servidor en ejecución en ese host y aceptando conexiones TCP/IP?
	falló la conexión al servidor en «localhost» (127.0.0.1), puerto 5433: Connection refused (0x0000274D/10061)
		¿Está el servidor en ejecución en ese host y aceptando conexiones TCP/IP?
08134385K 09066309P; ; 2025-05-15 12:42:51.151 CEST LOG:  proceso ayudante «logical replication worker» (PID 19060) terminó con código de salida 1
08134385K 09066309P; ; 2025-05-15 12:42:52.183 CEST LOG:  el ayudante «apply» de replicación lógica para la suscripción «telpark_sub» ha iniciado
08134385K 09066309P; ; 2025-05-15 12:42:56.267 CEST ERROR:  no se pudo connectar con el editor (publisher): falló la conexión al servidor en «localhost» (::1), puerto 5433: Connection refused (0x0000274D/10061)
		¿Está el servidor en ejecución en ese host y aceptando conexiones TCP/IP?
	falló la conexión al servidor en «localhost» (127.0.0.1), puerto 5433: Connection refused (0x0000274D/10061)
		¿Está el servidor en ejecución en ese host y aceptando conexiones TCP/IP?
08134385K 09066309P; ; 2025-05-15 12:42:56.273 CEST LOG:  proceso ayudante «logical replication worker» (PID 38864) terminó con código de salida 1
08134385K 09066309P; ; 2025-05-15 12:42:57.073 CEST LOG:  el ayudante «apply» de replicación lógica para la suscripción «telpark_sub» ha iniciado
08134385K 09066309P; ; 2025-05-15 12:43:01.170 CEST ERROR:  no se pudo connectar con el editor (publisher): falló la conexión al servidor en «localhost» (::1), puerto 5433: Connection refused (0x0000274D/10061)
		¿Está el servidor en ejecución en ese host y aceptando conexiones TCP/IP?
	falló la conexión al servidor en «localhost» (127.0.0.1), puerto 5433: Connection refused (0x0000274D/10061)
		¿Está el servidor en ejecución en ese host y aceptando conexiones TCP/IP?
08134385K 09066309P; ; 2025-05-15 12:43:01.177 CEST LOG:  proceso ayudante «logical replication worker» (PID 17252) terminó con código de salida 1
08134385K 09066309P; ; 2025-05-15 12:43:02.085 CEST LOG:  el ayudante «apply» de replicación lógica para la suscripción «telpark_sub» ha iniciado
08134385K 09066309P; ; 2025-05-15 12:43:06.183 CEST ERROR:  no se pudo connectar con el editor (publisher): falló la conexión al servidor en «localhost» (::1), puerto 5433: Connection refused (0x0000274D/10061)
		¿Está el servidor en ejecución en ese host y aceptando conexiones TCP/IP?
	falló la conexión al servidor en «localhost» (127.0.0.1), puerto 5433: Connection refused (0x0000274D/10061)
		¿Está el servidor en ejecución en ese host y aceptando conexiones TCP/IP?
08134385K 09066309P; ; 2025-05-15 12:43:06.189 CEST LOG:  proceso ayudante «logical replication worker» (PID 68948) terminó con código de salida 1
08134385K 09066309P; ; 2025-05-15 12:43:07.090 CEST LOG:  el ayudante «apply» de replicación lógica para la suscripción «telpark_sub» ha iniciado
08134385K 09066309P; ; 2025-05-15 12:43:11.183 CEST ERROR:  no se pudo connectar con el editor (publisher): falló la conexión al servidor en «localhost» (::1), puerto 5433: Connection refused (0x0000274D/10061)
		¿Está el servidor en ejecución en ese host y aceptando conexiones TCP/IP?
	falló la conexión al servidor en «localhost» (127.0.0.1), puerto 5433: Connection refused (0x0000274D/10061)
		¿Está el servidor en ejecución en ese host y aceptando conexiones TCP/IP?
08134385K 09066309P; ; 2025-05-15 12:43:11.189 CEST LOG:  proceso ayudante «logical replication worker» (PID 55608) terminó con código de salida 1
08134385K 09066309P; ; 2025-05-15 12:43:12.110 CEST LOG:  el ayudante «apply» de replicación lógica para la suscripción «telpark_sub» ha iniciado
08134385K 09066309P; ; 2025-05-15 12:43:16.213 CEST ERROR:  no se pudo connectar con el editor (publisher): falló la conexión al servidor en «localhost» (::1), puerto 5433: Connection refused (0x0000274D/10061)
		¿Está el servidor en ejecución en ese host y aceptando conexiones TCP/IP?
	falló la conexión al servidor en «localhost» (127.0.0.1), puerto 5433: Connection refused (0x0000274D/10061)
		¿Está el servidor en ejecución en ese host y aceptando conexiones TCP/IP?
08134385K 09066309P; ; 2025-05-15 12:43:16.217 CEST LOG:  proceso ayudante «logical replication worker» (PID 54564) terminó con código de salida 1
08134385K 09066309P; ; 2025-05-15 12:43:17.122 CEST LOG:  el ayudante «apply» de replicación lógica para la suscripción «telpark_sub» ha iniciado
08134385K 09066309P; ; 2025-05-15 12:43:21.227 CEST ERROR:  no se pudo connectar con el editor (publisher): falló la conexión al servidor en «localhost» (::1), puerto 5433: Connection refused (0x0000274D/10061)
		¿Está el servidor en ejecución en ese host y aceptando conexiones TCP/IP?
	falló la conexión al servidor en «localhost» (127.0.0.1), puerto 5433: Connection refused (0x0000274D/10061)
		¿Está el servidor en ejecución en ese host y aceptando conexiones TCP/IP?
08134385K 09066309P; ; 2025-05-15 12:43:21.234 CEST LOG:  proceso ayudante «logical replication worker» (PID 41260) terminó con código de salida 1
08134385K 09066309P; ; 2025-05-15 12:43:22.252 CEST LOG:  el ayudante «apply» de replicación lógica para la suscripción «telpark_sub» ha iniciado
08134385K 09066309P; ; 2025-05-15 12:51:08.541 CEST LOG:  se recibió petición de apagado rápido
08134385K 09066309P; ; 2025-05-15 12:51:08.544 CEST LOG:  abortando transacciones activas
08134385K 09066309P; ; 2025-05-15 12:51:08.544 CEST FATAL:  terminando el proceso de replicación lógica debido a una orden del administrador
08134385K 09066309P; ::1(57203); 2025-05-15 12:51:08.545 CEST FATAL:  terminando la conexión debido a una orden del administrador
08134385K 09066309P; ; 2025-05-15 12:51:08.553 CEST LOG:  proceso ayudante «logical replication launcher» (PID 64056) terminó con código de salida 1
08134385K 09066309P; ; 2025-05-15 12:51:08.554 CEST LOG:  proceso ayudante «logical replication worker» (PID 29664) terminó con código de salida 1
08134385K 09066309P; ; 2025-05-15 12:51:08.555 CEST LOG:  apagando
08134385K 09066309P; ; 2025-05-15 12:51:08.557 CEST LOG:  empezando checkpoint: shutdown immediate
08134385K 09066309P; ; 2025-05-15 12:51:08.569 CEST LOG:  checkpoint completo: escritos 0 búfers (0.0%); 0 archivos WAL añadidos, 0 eliminados, 0 reciclados; write=0.001 s, sync=0.001 s, total=0.014 s; archivos sincronizados=0, más largo=0.000 s, promedio=0.000 s; distancia=0 kB, estimación=143 kB; lsn=9/8F02F140, lsn de redo=9/8F02F140
08134385K 09066309P; ; 2025-05-15 12:51:08.577 CEST LOG:  el sistema de bases de datos está apagado
