08134385K 09066309P; ; 2025-05-15 11:00:56.248 CEST LOG:  iniciando PostgreSQL 16.4, compiled by Visual C++ build 1941, 64-bit
08134385K 09066309P; ; 2025-05-15 11:00:56.249 CEST LOG:  escuchando en la dirección IPv6 «::», port 5435
08134385K 09066309P; ; 2025-05-15 11:00:56.249 CEST LOG:  escuchando en la dirección IPv4 «0.0.0.0», port 5435
08134385K 09066309P; ; 2025-05-15 11:00:56.315 CEST LOG:  el sistema de bases de datos fue interrumpido; última vez en funcionamiento en 2025-05-15 10:53:15 CEST
08134385K 09066309P; ; 2025-05-15 11:00:57.099 CEST LOG:  entrando al modo standby
08134385K 09066309P; ; 2025-05-15 11:00:57.099 CEST LOG:  iniciando recuperación de backup con LSN de redo 9/8E000028, LSN de checkpoint 9/8E000060, en timeline 1
08134385K 09066309P; ; 2025-05-15 11:00:57.119 CEST LOG:  redo comienza en 9/8E000028
08134385K 09066309P; ; 2025-05-15 11:00:57.124 CEST LOG:  se completó la recuperación de backup con LSN de redo 9/8E000028 y LSN de término 9/8E000138
08134385K 09066309P; ; 2025-05-15 11:00:57.124 CEST LOG:  el estado de recuperación consistente fue alcanzado en 9/8E000138
08134385K 09066309P; ; 2025-05-15 11:00:57.124 CEST LOG:  el sistema de bases de datos está listo para aceptar conexiones de sólo lectura
08134385K 09066309P; ; 2025-05-15 11:00:57.265 CEST LOG:  iniciando el flujo de WAL desde el primario en 9/8F000000 en el timeline 1
08134385K 09066309P; ; 2025-05-15 11:05:56.434 CEST LOG:  empezando restartpoint: time
08134385K 09066309P; ; 2025-05-15 11:05:56.494 CEST LOG:  restartpoint completo: escritos 1 búfers (0.0%); 0 archivos WAL añadidos, 0 eliminados, 0 reciclados; write=0.005 s, sync=0.001 s, total=0.067 s; archivos sincronizados=0, más largo=0.000 s, promedio=0.000 s; distancia=16384 kB, estimación=16384 kB; lsn=9/8F000098, lsn de redo=9/8F000060
08134385K 09066309P; ; 2025-05-15 11:05:56.494 CEST LOG:  restartpoint de recuperación en 9/8F000060
08134385K 09066309P; ; 2025-05-15 11:29:49.586 CEST LOG:  replicación terminada por el servidor primario
08134385K 09066309P; ; 2025-05-15 11:29:49.586 CEST DETALLE:  Se alcanzó el fin de WAL en el timeline 1 en la posición 9/8F0001C0.
08134385K 09066309P; ; 2025-05-15 11:29:49.586 CEST FATAL:  no se pudo enviar el mensaje fin-de-flujo al primario: el servidor ha cerrado la conexión inesperadamente
		Probablemente se debe a que el servidor terminó de manera anormal
		antes o durante el procesamiento de la petición.
	no hay COPY alguno en ejecución
08134385K 09066309P; ; 2025-05-15 11:29:49.589 CEST LOG:  largo de registro no válido en 9/8F0001C0: se esperaba al menos 24, se obtuvo 0
08134385K 09066309P; ; 2025-05-15 11:29:53.780 CEST FATAL:  no se pudo conectar al servidor primario: falló la conexión al servidor en «localhost» (::1), puerto 5433: Connection refused (0x0000274D/10061)
		¿Está el servidor en ejecución en ese host y aceptando conexiones TCP/IP?
	falló la conexión al servidor en «localhost» (127.0.0.1), puerto 5433: Connection refused (0x0000274D/10061)
		¿Está el servidor en ejecución en ese host y aceptando conexiones TCP/IP?
08134385K 09066309P; ; 2025-05-15 11:29:53.781 CEST LOG:  waiting for WAL to become available at 9/8F0001D8
08134385K 09066309P; ; 2025-05-15 11:29:57.135 CEST LOG:  empezando restartpoint: time
08134385K 09066309P; ; 2025-05-15 11:29:57.150 CEST LOG:  restartpoint completo: escritos 0 búfers (0.0%); 0 archivos WAL añadidos, 0 eliminados, 0 reciclados; write=0.001 s, sync=0.001 s, total=0.016 s; archivos sincronizados=0, más largo=0.000 s, promedio=0.000 s; distancia=0 kB, estimación=14745 kB; lsn=9/8F000148, lsn de redo=9/8F000148
08134385K 09066309P; ; 2025-05-15 11:29:57.150 CEST LOG:  restartpoint de recuperación en 9/8F000148
08134385K 09066309P; ; 2025-05-15 11:29:58.754 CEST FATAL:  no se pudo conectar al servidor primario: falló la conexión al servidor en «localhost» (::1), puerto 5433: Connection refused (0x0000274D/10061)
		¿Está el servidor en ejecución en ese host y aceptando conexiones TCP/IP?
	falló la conexión al servidor en «localhost» (127.0.0.1), puerto 5433: Connection refused (0x0000274D/10061)
		¿Está el servidor en ejecución en ese host y aceptando conexiones TCP/IP?
08134385K 09066309P; ; 2025-05-15 11:29:58.754 CEST LOG:  waiting for WAL to become available at 9/8F0001D8
08134385K 09066309P; ; 2025-05-15 11:30:03.775 CEST FATAL:  no se pudo conectar al servidor primario: falló la conexión al servidor en «localhost» (::1), puerto 5433: Connection refused (0x0000274D/10061)
		¿Está el servidor en ejecución en ese host y aceptando conexiones TCP/IP?
	falló la conexión al servidor en «localhost» (127.0.0.1), puerto 5433: Connection refused (0x0000274D/10061)
		¿Está el servidor en ejecución en ese host y aceptando conexiones TCP/IP?
08134385K 09066309P; ; 2025-05-15 11:30:03.776 CEST LOG:  waiting for WAL to become available at 9/8F0001D8
08134385K 09066309P; ; 2025-05-15 11:30:08.803 CEST FATAL:  no se pudo conectar al servidor primario: falló la conexión al servidor en «localhost» (::1), puerto 5433: Connection refused (0x0000274D/10061)
		¿Está el servidor en ejecución en ese host y aceptando conexiones TCP/IP?
	falló la conexión al servidor en «localhost» (127.0.0.1), puerto 5433: Connection refused (0x0000274D/10061)
		¿Está el servidor en ejecución en ese host y aceptando conexiones TCP/IP?
08134385K 09066309P; ; 2025-05-15 11:30:08.804 CEST LOG:  waiting for WAL to become available at 9/8F0001D8
08134385K 09066309P; ; 2025-05-15 11:30:13.775 CEST FATAL:  no se pudo conectar al servidor primario: falló la conexión al servidor en «localhost» (::1), puerto 5433: Connection refused (0x0000274D/10061)
		¿Está el servidor en ejecución en ese host y aceptando conexiones TCP/IP?
	falló la conexión al servidor en «localhost» (127.0.0.1), puerto 5433: Connection refused (0x0000274D/10061)
		¿Está el servidor en ejecución en ese host y aceptando conexiones TCP/IP?
08134385K 09066309P; ; 2025-05-15 11:30:13.776 CEST LOG:  waiting for WAL to become available at 9/8F0001D8
08134385K 09066309P; ; 2025-05-15 11:30:18.815 CEST FATAL:  no se pudo conectar al servidor primario: falló la conexión al servidor en «localhost» (::1), puerto 5433: Connection refused (0x0000274D/10061)
		¿Está el servidor en ejecución en ese host y aceptando conexiones TCP/IP?
	falló la conexión al servidor en «localhost» (127.0.0.1), puerto 5433: Connection refused (0x0000274D/10061)
		¿Está el servidor en ejecución en ese host y aceptando conexiones TCP/IP?
08134385K 09066309P; ; 2025-05-15 11:30:18.815 CEST LOG:  waiting for WAL to become available at 9/8F0001D8
08134385K 09066309P; ; 2025-05-15 11:30:23.793 CEST FATAL:  no se pudo conectar al servidor primario: falló la conexión al servidor en «localhost» (::1), puerto 5433: Connection refused (0x0000274D/10061)
		¿Está el servidor en ejecución en ese host y aceptando conexiones TCP/IP?
	falló la conexión al servidor en «localhost» (127.0.0.1), puerto 5433: Connection refused (0x0000274D/10061)
		¿Está el servidor en ejecución en ese host y aceptando conexiones TCP/IP?
08134385K 09066309P; ; 2025-05-15 11:30:23.793 CEST LOG:  waiting for WAL to become available at 9/8F0001D8
08134385K 09066309P; ; 2025-05-15 11:30:28.840 CEST FATAL:  no se pudo conectar al servidor primario: falló la conexión al servidor en «localhost» (::1), puerto 5433: Connection refused (0x0000274D/10061)
		¿Está el servidor en ejecución en ese host y aceptando conexiones TCP/IP?
	falló la conexión al servidor en «localhost» (127.0.0.1), puerto 5433: Connection refused (0x0000274D/10061)
		¿Está el servidor en ejecución en ese host y aceptando conexiones TCP/IP?
08134385K 09066309P; ; 2025-05-15 11:30:28.840 CEST LOG:  waiting for WAL to become available at 9/8F0001D8
08134385K 09066309P; ; 2025-05-15 11:30:33.919 CEST FATAL:  no se pudo conectar al servidor primario: falló la conexión al servidor en «localhost» (::1), puerto 5433: Connection refused (0x0000274D/10061)
		¿Está el servidor en ejecución en ese host y aceptando conexiones TCP/IP?
	falló la conexión al servidor en «localhost» (127.0.0.1), puerto 5433: Connection refused (0x0000274D/10061)
		¿Está el servidor en ejecución en ese host y aceptando conexiones TCP/IP?
08134385K 09066309P; ; 2025-05-15 11:30:33.919 CEST LOG:  waiting for WAL to become available at 9/8F0001D8
08134385K 09066309P; ; 2025-05-15 11:30:38.859 CEST FATAL:  no se pudo conectar al servidor primario: falló la conexión al servidor en «localhost» (::1), puerto 5433: Connection refused (0x0000274D/10061)
		¿Está el servidor en ejecución en ese host y aceptando conexiones TCP/IP?
	falló la conexión al servidor en «localhost» (127.0.0.1), puerto 5433: Connection refused (0x0000274D/10061)
		¿Está el servidor en ejecución en ese host y aceptando conexiones TCP/IP?
08134385K 09066309P; ; 2025-05-15 11:30:38.859 CEST LOG:  waiting for WAL to become available at 9/8F0001D8
08134385K 09066309P; ; 2025-05-15 11:30:43.848 CEST FATAL:  no se pudo conectar al servidor primario: falló la conexión al servidor en «localhost» (::1), puerto 5433: Connection refused (0x0000274D/10061)
		¿Está el servidor en ejecución en ese host y aceptando conexiones TCP/IP?
	falló la conexión al servidor en «localhost» (127.0.0.1), puerto 5433: Connection refused (0x0000274D/10061)
		¿Está el servidor en ejecución en ese host y aceptando conexiones TCP/IP?
08134385K 09066309P; ; 2025-05-15 11:30:43.848 CEST LOG:  waiting for WAL to become available at 9/8F0001D8
08134385K 09066309P; ; 2025-05-15 11:30:48.851 CEST FATAL:  no se pudo conectar al servidor primario: falló la conexión al servidor en «localhost» (::1), puerto 5433: Connection refused (0x0000274D/10061)
		¿Está el servidor en ejecución en ese host y aceptando conexiones TCP/IP?
	falló la conexión al servidor en «localhost» (127.0.0.1), puerto 5433: Connection refused (0x0000274D/10061)
		¿Está el servidor en ejecución en ese host y aceptando conexiones TCP/IP?
08134385K 09066309P; ; 2025-05-15 11:30:48.851 CEST LOG:  waiting for WAL to become available at 9/8F0001D8
08134385K 09066309P; ; 2025-05-15 11:30:53.882 CEST FATAL:  no se pudo conectar al servidor primario: falló la conexión al servidor en «localhost» (::1), puerto 5433: Connection refused (0x0000274D/10061)
		¿Está el servidor en ejecución en ese host y aceptando conexiones TCP/IP?
	falló la conexión al servidor en «localhost» (127.0.0.1), puerto 5433: Connection refused (0x0000274D/10061)
		¿Está el servidor en ejecución en ese host y aceptando conexiones TCP/IP?
08134385K 09066309P; ; 2025-05-15 11:30:53.883 CEST LOG:  waiting for WAL to become available at 9/8F0001D8
08134385K 09066309P; ; 2025-05-15 11:30:58.851 CEST FATAL:  no se pudo conectar al servidor primario: falló la conexión al servidor en «localhost» (::1), puerto 5433: Connection refused (0x0000274D/10061)
		¿Está el servidor en ejecución en ese host y aceptando conexiones TCP/IP?
	falló la conexión al servidor en «localhost» (127.0.0.1), puerto 5433: Connection refused (0x0000274D/10061)
		¿Está el servidor en ejecución en ese host y aceptando conexiones TCP/IP?
08134385K 09066309P; ; 2025-05-15 11:30:58.851 CEST LOG:  waiting for WAL to become available at 9/8F0001D8
08134385K 09066309P; ; 2025-05-15 11:31:03.874 CEST FATAL:  no se pudo conectar al servidor primario: falló la conexión al servidor en «localhost» (::1), puerto 5433: Connection refused (0x0000274D/10061)
		¿Está el servidor en ejecución en ese host y aceptando conexiones TCP/IP?
	falló la conexión al servidor en «localhost» (127.0.0.1), puerto 5433: Connection refused (0x0000274D/10061)
		¿Está el servidor en ejecución en ese host y aceptando conexiones TCP/IP?
08134385K 09066309P; ; 2025-05-15 11:31:03.874 CEST LOG:  waiting for WAL to become available at 9/8F0001D8
08134385K 09066309P; ; 2025-05-15 11:31:08.859 CEST FATAL:  no se pudo conectar al servidor primario: falló la conexión al servidor en «localhost» (::1), puerto 5433: Connection refused (0x0000274D/10061)
		¿Está el servidor en ejecución en ese host y aceptando conexiones TCP/IP?
	falló la conexión al servidor en «localhost» (127.0.0.1), puerto 5433: Connection refused (0x0000274D/10061)
		¿Está el servidor en ejecución en ese host y aceptando conexiones TCP/IP?
08134385K 09066309P; ; 2025-05-15 11:31:08.860 CEST LOG:  waiting for WAL to become available at 9/8F0001D8
08134385K 09066309P; ; 2025-05-15 11:31:13.963 CEST FATAL:  no se pudo conectar al servidor primario: falló la conexión al servidor en «localhost» (::1), puerto 5433: Connection refused (0x0000274D/10061)
		¿Está el servidor en ejecución en ese host y aceptando conexiones TCP/IP?
	falló la conexión al servidor en «localhost» (127.0.0.1), puerto 5433: Connection refused (0x0000274D/10061)
		¿Está el servidor en ejecución en ese host y aceptando conexiones TCP/IP?
08134385K 09066309P; ; 2025-05-15 11:31:13.964 CEST LOG:  waiting for WAL to become available at 9/8F0001D8
08134385K 09066309P; ; 2025-05-15 11:31:18.853 CEST FATAL:  no se pudo conectar al servidor primario: falló la conexión al servidor en «localhost» (::1), puerto 5433: Connection refused (0x0000274D/10061)
		¿Está el servidor en ejecución en ese host y aceptando conexiones TCP/IP?
	falló la conexión al servidor en «localhost» (127.0.0.1), puerto 5433: Connection refused (0x0000274D/10061)
		¿Está el servidor en ejecución en ese host y aceptando conexiones TCP/IP?
08134385K 09066309P; ; 2025-05-15 11:31:18.854 CEST LOG:  waiting for WAL to become available at 9/8F0001D8
08134385K 09066309P; ; 2025-05-15 11:31:23.863 CEST FATAL:  no se pudo conectar al servidor primario: falló la conexión al servidor en «localhost» (::1), puerto 5433: Connection refused (0x0000274D/10061)
		¿Está el servidor en ejecución en ese host y aceptando conexiones TCP/IP?
	falló la conexión al servidor en «localhost» (127.0.0.1), puerto 5433: Connection refused (0x0000274D/10061)
		¿Está el servidor en ejecución en ese host y aceptando conexiones TCP/IP?
08134385K 09066309P; ; 2025-05-15 11:31:23.863 CEST LOG:  waiting for WAL to become available at 9/8F0001D8
08134385K 09066309P; ; 2025-05-15 11:31:28.865 CEST FATAL:  no se pudo conectar al servidor primario: falló la conexión al servidor en «localhost» (::1), puerto 5433: Connection refused (0x0000274D/10061)
		¿Está el servidor en ejecución en ese host y aceptando conexiones TCP/IP?
	falló la conexión al servidor en «localhost» (127.0.0.1), puerto 5433: Connection refused (0x0000274D/10061)
		¿Está el servidor en ejecución en ese host y aceptando conexiones TCP/IP?
08134385K 09066309P; ; 2025-05-15 11:31:28.866 CEST LOG:  waiting for WAL to become available at 9/8F0001D8
08134385K 09066309P; ; 2025-05-15 11:31:31.929 CEST LOG:  iniciando el flujo de WAL desde el primario en 9/8F000000 en el timeline 1
08134385K 09066309P; ; 2025-05-15 11:36:42.324 CEST LOG:  empezando restartpoint: time
08134385K 09066309P; ; 2025-05-15 11:36:42.821 CEST LOG:  restartpoint completo: escritos 5 búfers (0.0%); 0 archivos WAL añadidos, 0 eliminados, 0 reciclados; write=0.436 s, sync=0.006 s, total=0.497 s; archivos sincronizados=5, más largo=0.002 s, promedio=0.002 s; distancia=6 kB, estimación=13271 kB; lsn=9/8F001AE0, lsn de redo=9/8F001AA8
08134385K 09066309P; ; 2025-05-15 11:36:42.821 CEST LOG:  restartpoint de recuperación en 9/8F001AA8
08134385K 09066309P; ; 2025-05-15 11:36:42.821 CEST DETALLE:  Última transacción completada al tiempo de registro 2025-05-15 11:35:31.560838+02.
08134385K 09066309P; ; 2025-05-15 11:41:42.824 CEST LOG:  empezando restartpoint: time
08134385K 09066309P; ; 2025-05-15 11:41:43.313 CEST LOG:  restartpoint completo: escritos 5 búfers (0.0%); 0 archivos WAL añadidos, 0 eliminados, 0 reciclados; write=0.449 s, sync=0.018 s, total=0.490 s; archivos sincronizados=5, más largo=0.010 s, promedio=0.004 s; distancia=6 kB, estimación=11945 kB; lsn=9/8F003498, lsn de redo=9/8F003460
08134385K 09066309P; ; 2025-05-15 11:41:43.313 CEST LOG:  restartpoint de recuperación en 9/8F003460
08134385K 09066309P; ; 2025-05-15 11:41:43.313 CEST DETALLE:  Última transacción completada al tiempo de registro 2025-05-15 11:40:55.695083+02.
08134385K 09066309P; ; 2025-05-15 11:46:42.327 CEST LOG:  empezando restartpoint: time
08134385K 09066309P; ; 2025-05-15 11:46:42.545 CEST LOG:  restartpoint completo: escritos 2 búfers (0.0%); 0 archivos WAL añadidos, 0 eliminados, 0 reciclados; write=0.119 s, sync=0.043 s, total=0.219 s; archivos sincronizados=2, más largo=0.040 s, promedio=0.022 s; distancia=3 kB, estimación=10751 kB; lsn=9/8F004320, lsn de redo=9/8F0042E8
08134385K 09066309P; ; 2025-05-15 11:46:42.546 CEST LOG:  restartpoint de recuperación en 9/8F0042E8
08134385K 09066309P; ; 2025-05-15 11:46:42.546 CEST DETALLE:  Última transacción completada al tiempo de registro 2025-05-15 11:42:16.170082+02.
08134385K 09066309P; ; 2025-05-15 11:56:01.050 CEST LOG:  replicación terminada por el servidor primario
08134385K 09066309P; ; 2025-05-15 11:56:01.050 CEST DETALLE:  Se alcanzó el fin de WAL en el timeline 1 en la posición 9/8F004448.
08134385K 09066309P; ; 2025-05-15 11:56:01.050 CEST FATAL:  no se pudo enviar el mensaje fin-de-flujo al primario: el servidor ha cerrado la conexión inesperadamente
		Probablemente se debe a que el servidor terminó de manera anormal
		antes o durante el procesamiento de la petición.
	no hay COPY alguno en ejecución
08134385K 09066309P; ; 2025-05-15 11:56:01.051 CEST LOG:  largo de registro no válido en 9/8F004448: se esperaba al menos 24, se obtuvo 0
08134385K 09066309P; ; 2025-05-15 11:56:05.179 CEST FATAL:  no se pudo conectar al servidor primario: falló la conexión al servidor en «localhost» (::1), puerto 5433: Connection refused (0x0000274D/10061)
		¿Está el servidor en ejecución en ese host y aceptando conexiones TCP/IP?
	falló la conexión al servidor en «localhost» (127.0.0.1), puerto 5433: Connection refused (0x0000274D/10061)
		¿Está el servidor en ejecución en ese host y aceptando conexiones TCP/IP?
08134385K 09066309P; ; 2025-05-15 11:56:05.179 CEST LOG:  waiting for WAL to become available at 9/8F004460
08134385K 09066309P; ; 2025-05-15 11:56:10.200 CEST FATAL:  no se pudo conectar al servidor primario: falló la conexión al servidor en «localhost» (::1), puerto 5433: Connection refused (0x0000274D/10061)
		¿Está el servidor en ejecución en ese host y aceptando conexiones TCP/IP?
	falló la conexión al servidor en «localhost» (127.0.0.1), puerto 5433: Connection refused (0x0000274D/10061)
		¿Está el servidor en ejecución en ese host y aceptando conexiones TCP/IP?
08134385K 09066309P; ; 2025-05-15 11:56:10.200 CEST LOG:  waiting for WAL to become available at 9/8F004460
08134385K 09066309P; ; 2025-05-15 11:56:12.701 CEST LOG:  empezando restartpoint: time
08134385K 09066309P; ; 2025-05-15 11:56:12.720 CEST LOG:  restartpoint completo: escritos 0 búfers (0.0%); 0 archivos WAL añadidos, 0 eliminados, 0 reciclados; write=0.002 s, sync=0.001 s, total=0.020 s; archivos sincronizados=0, más largo=0.000 s, promedio=0.000 s; distancia=0 kB, estimación=9675 kB; lsn=9/8F0043D0, lsn de redo=9/8F0043D0
08134385K 09066309P; ; 2025-05-15 11:56:12.720 CEST LOG:  restartpoint de recuperación en 9/8F0043D0
08134385K 09066309P; ; 2025-05-15 11:56:12.720 CEST DETALLE:  Última transacción completada al tiempo de registro 2025-05-15 11:42:16.170082+02.
08134385K 09066309P; ; 2025-05-15 11:56:15.182 CEST FATAL:  no se pudo conectar al servidor primario: falló la conexión al servidor en «localhost» (::1), puerto 5433: Connection refused (0x0000274D/10061)
		¿Está el servidor en ejecución en ese host y aceptando conexiones TCP/IP?
	falló la conexión al servidor en «localhost» (127.0.0.1), puerto 5433: Connection refused (0x0000274D/10061)
		¿Está el servidor en ejecución en ese host y aceptando conexiones TCP/IP?
08134385K 09066309P; ; 2025-05-15 11:56:15.183 CEST LOG:  waiting for WAL to become available at 9/8F004460
08134385K 09066309P; ; 2025-05-15 11:56:20.220 CEST FATAL:  no se pudo conectar al servidor primario: falló la conexión al servidor en «localhost» (::1), puerto 5433: Connection refused (0x0000274D/10061)
		¿Está el servidor en ejecución en ese host y aceptando conexiones TCP/IP?
	falló la conexión al servidor en «localhost» (127.0.0.1), puerto 5433: Connection refused (0x0000274D/10061)
		¿Está el servidor en ejecución en ese host y aceptando conexiones TCP/IP?
08134385K 09066309P; ; 2025-05-15 11:56:20.221 CEST LOG:  waiting for WAL to become available at 9/8F004460
08134385K 09066309P; ; 2025-05-15 11:56:25.208 CEST FATAL:  no se pudo conectar al servidor primario: falló la conexión al servidor en «localhost» (::1), puerto 5433: Connection refused (0x0000274D/10061)
		¿Está el servidor en ejecución en ese host y aceptando conexiones TCP/IP?
	falló la conexión al servidor en «localhost» (127.0.0.1), puerto 5433: Connection refused (0x0000274D/10061)
		¿Está el servidor en ejecución en ese host y aceptando conexiones TCP/IP?
08134385K 09066309P; ; 2025-05-15 11:56:25.209 CEST LOG:  waiting for WAL to become available at 9/8F004460
08134385K 09066309P; ; 2025-05-15 11:56:30.330 CEST FATAL:  no se pudo conectar al servidor primario: falló la conexión al servidor en «localhost» (::1), puerto 5433: Connection refused (0x0000274D/10061)
		¿Está el servidor en ejecución en ese host y aceptando conexiones TCP/IP?
	falló la conexión al servidor en «localhost» (127.0.0.1), puerto 5433: Connection refused (0x0000274D/10061)
		¿Está el servidor en ejecución en ese host y aceptando conexiones TCP/IP?
08134385K 09066309P; ; 2025-05-15 11:56:30.331 CEST LOG:  waiting for WAL to become available at 9/8F004460
08134385K 09066309P; ; 2025-05-15 11:56:35.197 CEST FATAL:  no se pudo conectar al servidor primario: falló la conexión al servidor en «localhost» (::1), puerto 5433: Connection refused (0x0000274D/10061)
		¿Está el servidor en ejecución en ese host y aceptando conexiones TCP/IP?
	falló la conexión al servidor en «localhost» (127.0.0.1), puerto 5433: Connection refused (0x0000274D/10061)
		¿Está el servidor en ejecución en ese host y aceptando conexiones TCP/IP?
08134385K 09066309P; ; 2025-05-15 11:56:35.197 CEST LOG:  waiting for WAL to become available at 9/8F004460
08134385K 09066309P; ; 2025-05-15 11:56:40.206 CEST FATAL:  no se pudo conectar al servidor primario: falló la conexión al servidor en «localhost» (::1), puerto 5433: Connection refused (0x0000274D/10061)
		¿Está el servidor en ejecución en ese host y aceptando conexiones TCP/IP?
	falló la conexión al servidor en «localhost» (127.0.0.1), puerto 5433: Connection refused (0x0000274D/10061)
		¿Está el servidor en ejecución en ese host y aceptando conexiones TCP/IP?
08134385K 09066309P; ; 2025-05-15 11:56:40.207 CEST LOG:  waiting for WAL to become available at 9/8F004460
08134385K 09066309P; ; 2025-05-15 11:56:45.236 CEST FATAL:  no se pudo conectar al servidor primario: falló la conexión al servidor en «localhost» (::1), puerto 5433: Connection refused (0x0000274D/10061)
		¿Está el servidor en ejecución en ese host y aceptando conexiones TCP/IP?
	falló la conexión al servidor en «localhost» (127.0.0.1), puerto 5433: Connection refused (0x0000274D/10061)
		¿Está el servidor en ejecución en ese host y aceptando conexiones TCP/IP?
08134385K 09066309P; ; 2025-05-15 11:56:45.237 CEST LOG:  waiting for WAL to become available at 9/8F004460
08134385K 09066309P; ; 2025-05-15 11:56:50.227 CEST FATAL:  no se pudo conectar al servidor primario: falló la conexión al servidor en «localhost» (::1), puerto 5433: Connection refused (0x0000274D/10061)
		¿Está el servidor en ejecución en ese host y aceptando conexiones TCP/IP?
	falló la conexión al servidor en «localhost» (127.0.0.1), puerto 5433: Connection refused (0x0000274D/10061)
		¿Está el servidor en ejecución en ese host y aceptando conexiones TCP/IP?
08134385K 09066309P; ; 2025-05-15 11:56:50.227 CEST LOG:  waiting for WAL to become available at 9/8F004460
08134385K 09066309P; ; 2025-05-15 11:56:55.256 CEST FATAL:  no se pudo conectar al servidor primario: falló la conexión al servidor en «localhost» (::1), puerto 5433: Connection refused (0x0000274D/10061)
		¿Está el servidor en ejecución en ese host y aceptando conexiones TCP/IP?
	falló la conexión al servidor en «localhost» (127.0.0.1), puerto 5433: Connection refused (0x0000274D/10061)
		¿Está el servidor en ejecución en ese host y aceptando conexiones TCP/IP?
08134385K 09066309P; ; 2025-05-15 11:56:55.257 CEST LOG:  waiting for WAL to become available at 9/8F004460
08134385K 09066309P; ; 2025-05-15 11:57:00.372 CEST FATAL:  no se pudo conectar al servidor primario: falló la conexión al servidor en «localhost» (::1), puerto 5433: Connection refused (0x0000274D/10061)
		¿Está el servidor en ejecución en ese host y aceptando conexiones TCP/IP?
	falló la conexión al servidor en «localhost» (127.0.0.1), puerto 5433: Connection refused (0x0000274D/10061)
		¿Está el servidor en ejecución en ese host y aceptando conexiones TCP/IP?
08134385K 09066309P; ; 2025-05-15 11:57:00.372 CEST LOG:  waiting for WAL to become available at 9/8F004460
08134385K 09066309P; ; 2025-05-15 11:57:05.276 CEST FATAL:  no se pudo conectar al servidor primario: falló la conexión al servidor en «localhost» (::1), puerto 5433: Connection refused (0x0000274D/10061)
		¿Está el servidor en ejecución en ese host y aceptando conexiones TCP/IP?
	falló la conexión al servidor en «localhost» (127.0.0.1), puerto 5433: Connection refused (0x0000274D/10061)
		¿Está el servidor en ejecución en ese host y aceptando conexiones TCP/IP?
08134385K 09066309P; ; 2025-05-15 11:57:05.277 CEST LOG:  waiting for WAL to become available at 9/8F004460
08134385K 09066309P; ; 2025-05-15 11:57:10.389 CEST FATAL:  no se pudo conectar al servidor primario: falló la conexión al servidor en «localhost» (::1), puerto 5433: Connection refused (0x0000274D/10061)
		¿Está el servidor en ejecución en ese host y aceptando conexiones TCP/IP?
	falló la conexión al servidor en «localhost» (127.0.0.1), puerto 5433: Connection refused (0x0000274D/10061)
		¿Está el servidor en ejecución en ese host y aceptando conexiones TCP/IP?
08134385K 09066309P; ; 2025-05-15 11:57:10.389 CEST LOG:  waiting for WAL to become available at 9/8F004460
08134385K 09066309P; ; 2025-05-15 11:57:15.301 CEST FATAL:  no se pudo conectar al servidor primario: falló la conexión al servidor en «localhost» (::1), puerto 5433: Connection refused (0x0000274D/10061)
		¿Está el servidor en ejecución en ese host y aceptando conexiones TCP/IP?
	falló la conexión al servidor en «localhost» (127.0.0.1), puerto 5433: Connection refused (0x0000274D/10061)
		¿Está el servidor en ejecución en ese host y aceptando conexiones TCP/IP?
08134385K 09066309P; ; 2025-05-15 11:57:15.302 CEST LOG:  waiting for WAL to become available at 9/8F004460
08134385K 09066309P; ; 2025-05-15 11:57:20.270 CEST FATAL:  no se pudo conectar al servidor primario: falló la conexión al servidor en «localhost» (::1), puerto 5433: Connection refused (0x0000274D/10061)
		¿Está el servidor en ejecución en ese host y aceptando conexiones TCP/IP?
	falló la conexión al servidor en «localhost» (127.0.0.1), puerto 5433: Connection refused (0x0000274D/10061)
		¿Está el servidor en ejecución en ese host y aceptando conexiones TCP/IP?
08134385K 09066309P; ; 2025-05-15 11:57:20.270 CEST LOG:  waiting for WAL to become available at 9/8F004460
08134385K 09066309P; ; 2025-05-15 11:57:25.291 CEST FATAL:  no se pudo conectar al servidor primario: falló la conexión al servidor en «localhost» (::1), puerto 5433: Connection refused (0x0000274D/10061)
		¿Está el servidor en ejecución en ese host y aceptando conexiones TCP/IP?
	falló la conexión al servidor en «localhost» (127.0.0.1), puerto 5433: Connection refused (0x0000274D/10061)
		¿Está el servidor en ejecución en ese host y aceptando conexiones TCP/IP?
08134385K 09066309P; ; 2025-05-15 11:57:25.292 CEST LOG:  waiting for WAL to become available at 9/8F004460
08134385K 09066309P; ; 2025-05-15 11:57:30.304 CEST FATAL:  no se pudo conectar al servidor primario: falló la conexión al servidor en «localhost» (::1), puerto 5433: Connection refused (0x0000274D/10061)
		¿Está el servidor en ejecución en ese host y aceptando conexiones TCP/IP?
	falló la conexión al servidor en «localhost» (127.0.0.1), puerto 5433: Connection refused (0x0000274D/10061)
		¿Está el servidor en ejecución en ese host y aceptando conexiones TCP/IP?
08134385K 09066309P; ; 2025-05-15 11:57:30.304 CEST LOG:  waiting for WAL to become available at 9/8F004460
08134385K 09066309P; ; 2025-05-15 11:57:31.256 CEST LOG:  iniciando el flujo de WAL desde el primario en 9/8F000000 en el timeline 1
08134385K 09066309P; ; 2025-05-15 11:58:30.393 CEST LOG:  replicación terminada por el servidor primario
08134385K 09066309P; ; 2025-05-15 11:58:30.393 CEST DETALLE:  Se alcanzó el fin de WAL en el timeline 1 en la posición 9/8F0044F8.
08134385K 09066309P; ; 2025-05-15 11:58:30.393 CEST FATAL:  no se pudo enviar el mensaje fin-de-flujo al primario: el servidor ha cerrado la conexión inesperadamente
		Probablemente se debe a que el servidor terminó de manera anormal
		antes o durante el procesamiento de la petición.
	no hay COPY alguno en ejecución
08134385K 09066309P; ; 2025-05-15 11:58:30.395 CEST LOG:  largo de registro no válido en 9/8F0044F8: se esperaba al menos 24, se obtuvo 0
08134385K 09066309P; ; 2025-05-15 11:58:34.519 CEST FATAL:  no se pudo conectar al servidor primario: falló la conexión al servidor en «localhost» (::1), puerto 5433: Connection refused (0x0000274D/10061)
		¿Está el servidor en ejecución en ese host y aceptando conexiones TCP/IP?
	falló la conexión al servidor en «localhost» (127.0.0.1), puerto 5433: Connection refused (0x0000274D/10061)
		¿Está el servidor en ejecución en ese host y aceptando conexiones TCP/IP?
08134385K 09066309P; ; 2025-05-15 11:58:34.519 CEST LOG:  waiting for WAL to become available at 9/8F004510
08134385K 09066309P; ; 2025-05-15 11:58:39.533 CEST FATAL:  no se pudo conectar al servidor primario: falló la conexión al servidor en «localhost» (::1), puerto 5433: Connection refused (0x0000274D/10061)
		¿Está el servidor en ejecución en ese host y aceptando conexiones TCP/IP?
	falló la conexión al servidor en «localhost» (127.0.0.1), puerto 5433: Connection refused (0x0000274D/10061)
		¿Está el servidor en ejecución en ese host y aceptando conexiones TCP/IP?
08134385K 09066309P; ; 2025-05-15 11:58:39.533 CEST LOG:  waiting for WAL to become available at 9/8F004510
08134385K 09066309P; ; 2025-05-15 11:58:44.559 CEST FATAL:  no se pudo conectar al servidor primario: falló la conexión al servidor en «localhost» (::1), puerto 5433: Connection refused (0x0000274D/10061)
		¿Está el servidor en ejecución en ese host y aceptando conexiones TCP/IP?
	falló la conexión al servidor en «localhost» (127.0.0.1), puerto 5433: Connection refused (0x0000274D/10061)
		¿Está el servidor en ejecución en ese host y aceptando conexiones TCP/IP?
08134385K 09066309P; ; 2025-05-15 11:58:44.559 CEST LOG:  waiting for WAL to become available at 9/8F004510
08134385K 09066309P; ; 2025-05-15 11:58:49.574 CEST FATAL:  no se pudo conectar al servidor primario: falló la conexión al servidor en «localhost» (::1), puerto 5433: Connection refused (0x0000274D/10061)
		¿Está el servidor en ejecución en ese host y aceptando conexiones TCP/IP?
	falló la conexión al servidor en «localhost» (127.0.0.1), puerto 5433: Connection refused (0x0000274D/10061)
		¿Está el servidor en ejecución en ese host y aceptando conexiones TCP/IP?
08134385K 09066309P; ; 2025-05-15 11:58:49.574 CEST LOG:  waiting for WAL to become available at 9/8F004510
08134385K 09066309P; ; 2025-05-15 11:58:54.098 CEST LOG:  iniciando el flujo de WAL desde el primario en 9/8F000000 en el timeline 1
08134385K 09066309P; ; 2025-05-15 12:01:12.720 CEST LOG:  empezando restartpoint: time
08134385K 09066309P; ; 2025-05-15 12:01:12.732 CEST LOG:  restartpoint completo: escritos 0 búfers (0.0%); 0 archivos WAL añadidos, 0 eliminados, 0 reciclados; write=0.001 s, sync=0.001 s, total=0.013 s; archivos sincronizados=0, más largo=0.000 s, promedio=0.000 s; distancia=0 kB, estimación=8708 kB; lsn=9/8F004480, lsn de redo=9/8F004480
08134385K 09066309P; ; 2025-05-15 12:01:12.732 CEST LOG:  restartpoint de recuperación en 9/8F004480
08134385K 09066309P; ; 2025-05-15 12:01:12.732 CEST DETALLE:  Última transacción completada al tiempo de registro 2025-05-15 11:42:16.170082+02.
08134385K 09066309P; ::1(55325); 2025-05-15 12:01:29.917 CEST LOG:  sentencia: DELETE FROM clientes;
08134385K 09066309P; ::1(55325); 2025-05-15 12:01:29.920 CEST ERROR:  no se puede ejecutar DELETE en una transacción de sólo lectura
08134385K 09066309P; ::1(55325); 2025-05-15 12:01:29.920 CEST SENTENCIA:  DELETE FROM clientes;
08134385K 09066309P; ; 2025-05-15 12:01:55.841 CEST LOG:  replicación terminada por el servidor primario
08134385K 09066309P; ; 2025-05-15 12:01:55.841 CEST DETALLE:  Se alcanzó el fin de WAL en el timeline 1 en la posición 9/8F0045A8.
08134385K 09066309P; ; 2025-05-15 12:01:55.841 CEST FATAL:  no se pudo enviar el mensaje fin-de-flujo al primario: el servidor ha cerrado la conexión inesperadamente
		Probablemente se debe a que el servidor terminó de manera anormal
		antes o durante el procesamiento de la petición.
	no hay COPY alguno en ejecución
08134385K 09066309P; ; 2025-05-15 12:01:55.843 CEST LOG:  largo de registro no válido en 9/8F0045A8: se esperaba al menos 24, se obtuvo 0
08134385K 09066309P; ; 2025-05-15 12:01:59.982 CEST FATAL:  no se pudo conectar al servidor primario: falló la conexión al servidor en «localhost» (::1), puerto 5433: Connection refused (0x0000274D/10061)
		¿Está el servidor en ejecución en ese host y aceptando conexiones TCP/IP?
	falló la conexión al servidor en «localhost» (127.0.0.1), puerto 5433: Connection refused (0x0000274D/10061)
		¿Está el servidor en ejecución en ese host y aceptando conexiones TCP/IP?
08134385K 09066309P; ; 2025-05-15 12:01:59.982 CEST LOG:  waiting for WAL to become available at 9/8F0045C0
08134385K 09066309P; ; 2025-05-15 12:02:04.988 CEST FATAL:  no se pudo conectar al servidor primario: falló la conexión al servidor en «localhost» (::1), puerto 5433: Connection refused (0x0000274D/10061)
		¿Está el servidor en ejecución en ese host y aceptando conexiones TCP/IP?
	falló la conexión al servidor en «localhost» (127.0.0.1), puerto 5433: Connection refused (0x0000274D/10061)
		¿Está el servidor en ejecución en ese host y aceptando conexiones TCP/IP?
08134385K 09066309P; ; 2025-05-15 12:02:04.988 CEST LOG:  waiting for WAL to become available at 9/8F0045C0
08134385K 09066309P; ; 2025-05-15 12:02:09.990 CEST FATAL:  no se pudo conectar al servidor primario: falló la conexión al servidor en «localhost» (::1), puerto 5433: Connection refused (0x0000274D/10061)
		¿Está el servidor en ejecución en ese host y aceptando conexiones TCP/IP?
	falló la conexión al servidor en «localhost» (127.0.0.1), puerto 5433: Connection refused (0x0000274D/10061)
		¿Está el servidor en ejecución en ese host y aceptando conexiones TCP/IP?
08134385K 09066309P; ; 2025-05-15 12:02:09.990 CEST LOG:  waiting for WAL to become available at 9/8F0045C0
08134385K 09066309P; ::1(55378); 2025-05-15 12:02:11.957 CEST LOG:  sentencia: DELETE FROM clientes;
08134385K 09066309P; ::1(55378); 2025-05-15 12:02:11.960 CEST ERROR:  no se puede ejecutar DELETE en una transacción de sólo lectura
08134385K 09066309P; ::1(55378); 2025-05-15 12:02:11.960 CEST SENTENCIA:  DELETE FROM clientes;
08134385K 09066309P; ; 2025-05-15 12:02:14.988 CEST FATAL:  no se pudo conectar al servidor primario: falló la conexión al servidor en «localhost» (::1), puerto 5433: Connection refused (0x0000274D/10061)
		¿Está el servidor en ejecución en ese host y aceptando conexiones TCP/IP?
	falló la conexión al servidor en «localhost» (127.0.0.1), puerto 5433: Connection refused (0x0000274D/10061)
		¿Está el servidor en ejecución en ese host y aceptando conexiones TCP/IP?
08134385K 09066309P; ; 2025-05-15 12:02:14.989 CEST LOG:  waiting for WAL to become available at 9/8F0045C0
08134385K 09066309P; ; 2025-05-15 12:02:20.022 CEST FATAL:  no se pudo conectar al servidor primario: falló la conexión al servidor en «localhost» (::1), puerto 5433: Connection refused (0x0000274D/10061)
		¿Está el servidor en ejecución en ese host y aceptando conexiones TCP/IP?
	falló la conexión al servidor en «localhost» (127.0.0.1), puerto 5433: Connection refused (0x0000274D/10061)
		¿Está el servidor en ejecución en ese host y aceptando conexiones TCP/IP?
08134385K 09066309P; ; 2025-05-15 12:02:20.023 CEST LOG:  waiting for WAL to become available at 9/8F0045C0
08134385K 09066309P; ; 2025-05-15 12:02:22.592 CEST LOG:  iniciando el flujo de WAL desde el primario en 9/8F000000 en el timeline 1
08134385K 09066309P; ::1(55467); 2025-05-15 12:03:58.266 CEST LOG:  sentencia: DELETE FROM clientes;
08134385K 09066309P; ::1(55467); 2025-05-15 12:03:58.269 CEST ERROR:  no se puede ejecutar DELETE en una transacción de sólo lectura
08134385K 09066309P; ::1(55467); 2025-05-15 12:03:58.269 CEST SENTENCIA:  DELETE FROM clientes;
08134385K 09066309P; ; 2025-05-15 12:04:13.581 CEST LOG:  replicación terminada por el servidor primario
08134385K 09066309P; ; 2025-05-15 12:04:13.581 CEST DETALLE:  Se alcanzó el fin de WAL en el timeline 1 en la posición 9/8F004658.
08134385K 09066309P; ; 2025-05-15 12:04:13.581 CEST FATAL:  no se pudo enviar el mensaje fin-de-flujo al primario: el servidor ha cerrado la conexión inesperadamente
		Probablemente se debe a que el servidor terminó de manera anormal
		antes o durante el procesamiento de la petición.
	no hay COPY alguno en ejecución
08134385K 09066309P; ; 2025-05-15 12:04:13.582 CEST LOG:  largo de registro no válido en 9/8F004658: se esperaba al menos 24, se obtuvo 0
08134385K 09066309P; ; 2025-05-15 12:04:17.712 CEST FATAL:  no se pudo conectar al servidor primario: falló la conexión al servidor en «localhost» (::1), puerto 5433: Connection refused (0x0000274D/10061)
		¿Está el servidor en ejecución en ese host y aceptando conexiones TCP/IP?
	falló la conexión al servidor en «localhost» (127.0.0.1), puerto 5433: Connection refused (0x0000274D/10061)
		¿Está el servidor en ejecución en ese host y aceptando conexiones TCP/IP?
08134385K 09066309P; ; 2025-05-15 12:04:17.712 CEST LOG:  waiting for WAL to become available at 9/8F004670
08134385K 09066309P; ; 2025-05-15 12:04:22.727 CEST FATAL:  no se pudo conectar al servidor primario: falló la conexión al servidor en «localhost» (::1), puerto 5433: Connection refused (0x0000274D/10061)
		¿Está el servidor en ejecución en ese host y aceptando conexiones TCP/IP?
	falló la conexión al servidor en «localhost» (127.0.0.1), puerto 5433: Connection refused (0x0000274D/10061)
		¿Está el servidor en ejecución en ese host y aceptando conexiones TCP/IP?
08134385K 09066309P; ; 2025-05-15 12:04:22.727 CEST LOG:  waiting for WAL to become available at 9/8F004670
08134385K 09066309P; ; 2025-05-15 12:04:27.749 CEST FATAL:  no se pudo conectar al servidor primario: falló la conexión al servidor en «localhost» (::1), puerto 5433: Connection refused (0x0000274D/10061)
		¿Está el servidor en ejecución en ese host y aceptando conexiones TCP/IP?
	falló la conexión al servidor en «localhost» (127.0.0.1), puerto 5433: Connection refused (0x0000274D/10061)
		¿Está el servidor en ejecución en ese host y aceptando conexiones TCP/IP?
08134385K 09066309P; ; 2025-05-15 12:04:27.749 CEST LOG:  waiting for WAL to become available at 9/8F004670
08134385K 09066309P; ; 2025-05-15 12:04:32.760 CEST FATAL:  no se pudo conectar al servidor primario: falló la conexión al servidor en «localhost» (::1), puerto 5433: Connection refused (0x0000274D/10061)
		¿Está el servidor en ejecución en ese host y aceptando conexiones TCP/IP?
	falló la conexión al servidor en «localhost» (127.0.0.1), puerto 5433: Connection refused (0x0000274D/10061)
		¿Está el servidor en ejecución en ese host y aceptando conexiones TCP/IP?
08134385K 09066309P; ; 2025-05-15 12:04:32.760 CEST LOG:  waiting for WAL to become available at 9/8F004670
08134385K 09066309P; ; 2025-05-15 12:04:37.761 CEST FATAL:  no se pudo conectar al servidor primario: falló la conexión al servidor en «localhost» (::1), puerto 5433: Connection refused (0x0000274D/10061)
		¿Está el servidor en ejecución en ese host y aceptando conexiones TCP/IP?
	falló la conexión al servidor en «localhost» (127.0.0.1), puerto 5433: Connection refused (0x0000274D/10061)
		¿Está el servidor en ejecución en ese host y aceptando conexiones TCP/IP?
08134385K 09066309P; ; 2025-05-15 12:04:37.761 CEST LOG:  waiting for WAL to become available at 9/8F004670
08134385K 09066309P; ; 2025-05-15 12:04:42.772 CEST FATAL:  no se pudo conectar al servidor primario: falló la conexión al servidor en «localhost» (::1), puerto 5433: Connection refused (0x0000274D/10061)
		¿Está el servidor en ejecución en ese host y aceptando conexiones TCP/IP?
	falló la conexión al servidor en «localhost» (127.0.0.1), puerto 5433: Connection refused (0x0000274D/10061)
		¿Está el servidor en ejecución en ese host y aceptando conexiones TCP/IP?
08134385K 09066309P; ; 2025-05-15 12:04:42.772 CEST LOG:  waiting for WAL to become available at 9/8F004670
08134385K 09066309P; ; 2025-05-15 12:04:47.925 CEST FATAL:  no se pudo conectar al servidor primario: falló la conexión al servidor en «localhost» (::1), puerto 5433: Connection refused (0x0000274D/10061)
		¿Está el servidor en ejecución en ese host y aceptando conexiones TCP/IP?
	falló la conexión al servidor en «localhost» (127.0.0.1), puerto 5433: Connection refused (0x0000274D/10061)
		¿Está el servidor en ejecución en ese host y aceptando conexiones TCP/IP?
08134385K 09066309P; ; 2025-05-15 12:04:47.925 CEST LOG:  waiting for WAL to become available at 9/8F004670
08134385K 09066309P; ; 2025-05-15 12:04:52.779 CEST FATAL:  no se pudo conectar al servidor primario: falló la conexión al servidor en «localhost» (::1), puerto 5433: Connection refused (0x0000274D/10061)
		¿Está el servidor en ejecución en ese host y aceptando conexiones TCP/IP?
	falló la conexión al servidor en «localhost» (127.0.0.1), puerto 5433: Connection refused (0x0000274D/10061)
		¿Está el servidor en ejecución en ese host y aceptando conexiones TCP/IP?
08134385K 09066309P; ; 2025-05-15 12:04:52.779 CEST LOG:  waiting for WAL to become available at 9/8F004670
08134385K 09066309P; ; 2025-05-15 12:04:57.780 CEST FATAL:  no se pudo conectar al servidor primario: falló la conexión al servidor en «localhost» (::1), puerto 5433: Connection refused (0x0000274D/10061)
		¿Está el servidor en ejecución en ese host y aceptando conexiones TCP/IP?
	falló la conexión al servidor en «localhost» (127.0.0.1), puerto 5433: Connection refused (0x0000274D/10061)
		¿Está el servidor en ejecución en ese host y aceptando conexiones TCP/IP?
08134385K 09066309P; ; 2025-05-15 12:04:57.780 CEST LOG:  waiting for WAL to become available at 9/8F004670
08134385K 09066309P; ; 2025-05-15 12:05:02.904 CEST FATAL:  no se pudo conectar al servidor primario: falló la conexión al servidor en «localhost» (::1), puerto 5433: Connection refused (0x0000274D/10061)
		¿Está el servidor en ejecución en ese host y aceptando conexiones TCP/IP?
	falló la conexión al servidor en «localhost» (127.0.0.1), puerto 5433: Connection refused (0x0000274D/10061)
		¿Está el servidor en ejecución en ese host y aceptando conexiones TCP/IP?
08134385K 09066309P; ; 2025-05-15 12:05:02.904 CEST LOG:  waiting for WAL to become available at 9/8F004670
08134385K 09066309P; ; 2025-05-15 12:05:07.782 CEST FATAL:  no se pudo conectar al servidor primario: falló la conexión al servidor en «localhost» (::1), puerto 5433: Connection refused (0x0000274D/10061)
		¿Está el servidor en ejecución en ese host y aceptando conexiones TCP/IP?
	falló la conexión al servidor en «localhost» (127.0.0.1), puerto 5433: Connection refused (0x0000274D/10061)
		¿Está el servidor en ejecución en ese host y aceptando conexiones TCP/IP?
08134385K 09066309P; ; 2025-05-15 12:05:07.783 CEST LOG:  waiting for WAL to become available at 9/8F004670
08134385K 09066309P; ; 2025-05-15 12:05:12.817 CEST FATAL:  no se pudo conectar al servidor primario: falló la conexión al servidor en «localhost» (::1), puerto 5433: Connection refused (0x0000274D/10061)
		¿Está el servidor en ejecución en ese host y aceptando conexiones TCP/IP?
	falló la conexión al servidor en «localhost» (127.0.0.1), puerto 5433: Connection refused (0x0000274D/10061)
		¿Está el servidor en ejecución en ese host y aceptando conexiones TCP/IP?
08134385K 09066309P; ; 2025-05-15 12:05:12.817 CEST LOG:  waiting for WAL to become available at 9/8F004670
08134385K 09066309P; ; 2025-05-15 12:05:17.934 CEST FATAL:  no se pudo conectar al servidor primario: falló la conexión al servidor en «localhost» (::1), puerto 5433: Connection refused (0x0000274D/10061)
		¿Está el servidor en ejecución en ese host y aceptando conexiones TCP/IP?
	falló la conexión al servidor en «localhost» (127.0.0.1), puerto 5433: Connection refused (0x0000274D/10061)
		¿Está el servidor en ejecución en ese host y aceptando conexiones TCP/IP?
08134385K 09066309P; ; 2025-05-15 12:05:17.935 CEST LOG:  waiting for WAL to become available at 9/8F004670
08134385K 09066309P; ; 2025-05-15 12:05:22.816 CEST FATAL:  no se pudo conectar al servidor primario: falló la conexión al servidor en «localhost» (::1), puerto 5433: Connection refused (0x0000274D/10061)
		¿Está el servidor en ejecución en ese host y aceptando conexiones TCP/IP?
	falló la conexión al servidor en «localhost» (127.0.0.1), puerto 5433: Connection refused (0x0000274D/10061)
		¿Está el servidor en ejecución en ese host y aceptando conexiones TCP/IP?
08134385K 09066309P; ; 2025-05-15 12:05:22.816 CEST LOG:  waiting for WAL to become available at 9/8F004670
08134385K 09066309P; ; 2025-05-15 12:05:27.842 CEST FATAL:  no se pudo conectar al servidor primario: falló la conexión al servidor en «localhost» (::1), puerto 5433: Connection refused (0x0000274D/10061)
		¿Está el servidor en ejecución en ese host y aceptando conexiones TCP/IP?
	falló la conexión al servidor en «localhost» (127.0.0.1), puerto 5433: Connection refused (0x0000274D/10061)
		¿Está el servidor en ejecución en ese host y aceptando conexiones TCP/IP?
08134385K 09066309P; ; 2025-05-15 12:05:27.842 CEST LOG:  waiting for WAL to become available at 9/8F004670
08134385K 09066309P; ; 2025-05-15 12:05:32.821 CEST FATAL:  no se pudo conectar al servidor primario: falló la conexión al servidor en «localhost» (::1), puerto 5433: Connection refused (0x0000274D/10061)
		¿Está el servidor en ejecución en ese host y aceptando conexiones TCP/IP?
	falló la conexión al servidor en «localhost» (127.0.0.1), puerto 5433: Connection refused (0x0000274D/10061)
		¿Está el servidor en ejecución en ese host y aceptando conexiones TCP/IP?
08134385K 09066309P; ; 2025-05-15 12:05:32.822 CEST LOG:  waiting for WAL to become available at 9/8F004670
08134385K 09066309P; ; 2025-05-15 12:05:37.820 CEST FATAL:  no se pudo conectar al servidor primario: falló la conexión al servidor en «localhost» (::1), puerto 5433: Connection refused (0x0000274D/10061)
		¿Está el servidor en ejecución en ese host y aceptando conexiones TCP/IP?
	falló la conexión al servidor en «localhost» (127.0.0.1), puerto 5433: Connection refused (0x0000274D/10061)
		¿Está el servidor en ejecución en ese host y aceptando conexiones TCP/IP?
08134385K 09066309P; ; 2025-05-15 12:05:37.820 CEST LOG:  waiting for WAL to become available at 9/8F004670
08134385K 09066309P; ; 2025-05-15 12:05:42.867 CEST FATAL:  no se pudo conectar al servidor primario: falló la conexión al servidor en «localhost» (::1), puerto 5433: Connection refused (0x0000274D/10061)
		¿Está el servidor en ejecución en ese host y aceptando conexiones TCP/IP?
	falló la conexión al servidor en «localhost» (127.0.0.1), puerto 5433: Connection refused (0x0000274D/10061)
		¿Está el servidor en ejecución en ese host y aceptando conexiones TCP/IP?
08134385K 09066309P; ; 2025-05-15 12:05:42.867 CEST LOG:  waiting for WAL to become available at 9/8F004670
08134385K 09066309P; ; 2025-05-15 12:05:47.858 CEST FATAL:  no se pudo conectar al servidor primario: falló la conexión al servidor en «localhost» (::1), puerto 5433: Connection refused (0x0000274D/10061)
		¿Está el servidor en ejecución en ese host y aceptando conexiones TCP/IP?
	falló la conexión al servidor en «localhost» (127.0.0.1), puerto 5433: Connection refused (0x0000274D/10061)
		¿Está el servidor en ejecución en ese host y aceptando conexiones TCP/IP?
08134385K 09066309P; ; 2025-05-15 12:05:47.858 CEST LOG:  waiting for WAL to become available at 9/8F004670
08134385K 09066309P; ; 2025-05-15 12:05:52.855 CEST FATAL:  no se pudo conectar al servidor primario: falló la conexión al servidor en «localhost» (::1), puerto 5433: Connection refused (0x0000274D/10061)
		¿Está el servidor en ejecución en ese host y aceptando conexiones TCP/IP?
	falló la conexión al servidor en «localhost» (127.0.0.1), puerto 5433: Connection refused (0x0000274D/10061)
		¿Está el servidor en ejecución en ese host y aceptando conexiones TCP/IP?
08134385K 09066309P; ; 2025-05-15 12:05:52.855 CEST LOG:  waiting for WAL to become available at 9/8F004670
08134385K 09066309P; ; 2025-05-15 12:05:57.852 CEST FATAL:  no se pudo conectar al servidor primario: falló la conexión al servidor en «localhost» (::1), puerto 5433: Connection refused (0x0000274D/10061)
		¿Está el servidor en ejecución en ese host y aceptando conexiones TCP/IP?
	falló la conexión al servidor en «localhost» (127.0.0.1), puerto 5433: Connection refused (0x0000274D/10061)
		¿Está el servidor en ejecución en ese host y aceptando conexiones TCP/IP?
08134385K 09066309P; ; 2025-05-15 12:05:57.853 CEST LOG:  waiting for WAL to become available at 9/8F004670
08134385K 09066309P; ; 2025-05-15 12:06:02.881 CEST FATAL:  no se pudo conectar al servidor primario: falló la conexión al servidor en «localhost» (::1), puerto 5433: Connection refused (0x0000274D/10061)
		¿Está el servidor en ejecución en ese host y aceptando conexiones TCP/IP?
	falló la conexión al servidor en «localhost» (127.0.0.1), puerto 5433: Connection refused (0x0000274D/10061)
		¿Está el servidor en ejecución en ese host y aceptando conexiones TCP/IP?
08134385K 09066309P; ; 2025-05-15 12:06:02.881 CEST LOG:  waiting for WAL to become available at 9/8F004670
08134385K 09066309P; ; 2025-05-15 12:06:07.880 CEST FATAL:  no se pudo conectar al servidor primario: falló la conexión al servidor en «localhost» (::1), puerto 5433: Connection refused (0x0000274D/10061)
		¿Está el servidor en ejecución en ese host y aceptando conexiones TCP/IP?
	falló la conexión al servidor en «localhost» (127.0.0.1), puerto 5433: Connection refused (0x0000274D/10061)
		¿Está el servidor en ejecución en ese host y aceptando conexiones TCP/IP?
08134385K 09066309P; ; 2025-05-15 12:06:07.881 CEST LOG:  waiting for WAL to become available at 9/8F004670
08134385K 09066309P; ; 2025-05-15 12:06:12.734 CEST LOG:  empezando restartpoint: time
08134385K 09066309P; ; 2025-05-15 12:06:12.754 CEST LOG:  restartpoint completo: escritos 0 búfers (0.0%); 0 archivos WAL añadidos, 0 eliminados, 0 reciclados; write=0.002 s, sync=0.001 s, total=0.020 s; archivos sincronizados=0, más largo=0.000 s, promedio=0.000 s; distancia=0 kB, estimación=7837 kB; lsn=9/8F0045E0, lsn de redo=9/8F0045E0
08134385K 09066309P; ; 2025-05-15 12:06:12.754 CEST LOG:  restartpoint de recuperación en 9/8F0045E0
08134385K 09066309P; ; 2025-05-15 12:06:12.754 CEST DETALLE:  Última transacción completada al tiempo de registro 2025-05-15 11:42:16.170082+02.
08134385K 09066309P; ; 2025-05-15 12:06:12.875 CEST FATAL:  no se pudo conectar al servidor primario: falló la conexión al servidor en «localhost» (::1), puerto 5433: Connection refused (0x0000274D/10061)
		¿Está el servidor en ejecución en ese host y aceptando conexiones TCP/IP?
	falló la conexión al servidor en «localhost» (127.0.0.1), puerto 5433: Connection refused (0x0000274D/10061)
		¿Está el servidor en ejecución en ese host y aceptando conexiones TCP/IP?
08134385K 09066309P; ; 2025-05-15 12:06:12.875 CEST LOG:  waiting for WAL to become available at 9/8F004670
08134385K 09066309P; ; 2025-05-15 12:06:18.003 CEST FATAL:  no se pudo conectar al servidor primario: falló la conexión al servidor en «localhost» (::1), puerto 5433: Connection refused (0x0000274D/10061)
		¿Está el servidor en ejecución en ese host y aceptando conexiones TCP/IP?
	falló la conexión al servidor en «localhost» (127.0.0.1), puerto 5433: Connection refused (0x0000274D/10061)
		¿Está el servidor en ejecución en ese host y aceptando conexiones TCP/IP?
08134385K 09066309P; ; 2025-05-15 12:06:18.003 CEST LOG:  waiting for WAL to become available at 9/8F004670
08134385K 09066309P; ; 2025-05-15 12:06:22.903 CEST FATAL:  no se pudo conectar al servidor primario: falló la conexión al servidor en «localhost» (::1), puerto 5433: Connection refused (0x0000274D/10061)
		¿Está el servidor en ejecución en ese host y aceptando conexiones TCP/IP?
	falló la conexión al servidor en «localhost» (127.0.0.1), puerto 5433: Connection refused (0x0000274D/10061)
		¿Está el servidor en ejecución en ese host y aceptando conexiones TCP/IP?
08134385K 09066309P; ; 2025-05-15 12:06:22.903 CEST LOG:  waiting for WAL to become available at 9/8F004670
08134385K 09066309P; ; 2025-05-15 12:06:27.914 CEST FATAL:  no se pudo conectar al servidor primario: falló la conexión al servidor en «localhost» (::1), puerto 5433: Connection refused (0x0000274D/10061)
		¿Está el servidor en ejecución en ese host y aceptando conexiones TCP/IP?
	falló la conexión al servidor en «localhost» (127.0.0.1), puerto 5433: Connection refused (0x0000274D/10061)
		¿Está el servidor en ejecución en ese host y aceptando conexiones TCP/IP?
08134385K 09066309P; ; 2025-05-15 12:06:27.915 CEST LOG:  waiting for WAL to become available at 9/8F004670
08134385K 09066309P; ; 2025-05-15 12:06:32.929 CEST FATAL:  no se pudo conectar al servidor primario: falló la conexión al servidor en «localhost» (::1), puerto 5433: Connection refused (0x0000274D/10061)
		¿Está el servidor en ejecución en ese host y aceptando conexiones TCP/IP?
	falló la conexión al servidor en «localhost» (127.0.0.1), puerto 5433: Connection refused (0x0000274D/10061)
		¿Está el servidor en ejecución en ese host y aceptando conexiones TCP/IP?
08134385K 09066309P; ; 2025-05-15 12:06:32.930 CEST LOG:  waiting for WAL to become available at 9/8F004670
08134385K 09066309P; ; 2025-05-15 12:06:37.917 CEST FATAL:  no se pudo conectar al servidor primario: falló la conexión al servidor en «localhost» (::1), puerto 5433: Connection refused (0x0000274D/10061)
		¿Está el servidor en ejecución en ese host y aceptando conexiones TCP/IP?
	falló la conexión al servidor en «localhost» (127.0.0.1), puerto 5433: Connection refused (0x0000274D/10061)
		¿Está el servidor en ejecución en ese host y aceptando conexiones TCP/IP?
08134385K 09066309P; ; 2025-05-15 12:06:37.917 CEST LOG:  waiting for WAL to become available at 9/8F004670
08134385K 09066309P; ; 2025-05-15 12:06:43.037 CEST FATAL:  no se pudo conectar al servidor primario: falló la conexión al servidor en «localhost» (::1), puerto 5433: Connection refused (0x0000274D/10061)
		¿Está el servidor en ejecución en ese host y aceptando conexiones TCP/IP?
	falló la conexión al servidor en «localhost» (127.0.0.1), puerto 5433: Connection refused (0x0000274D/10061)
		¿Está el servidor en ejecución en ese host y aceptando conexiones TCP/IP?
08134385K 09066309P; ; 2025-05-15 12:06:43.037 CEST LOG:  waiting for WAL to become available at 9/8F004670
08134385K 09066309P; ; 2025-05-15 12:06:47.955 CEST FATAL:  no se pudo conectar al servidor primario: falló la conexión al servidor en «localhost» (::1), puerto 5433: Connection refused (0x0000274D/10061)
		¿Está el servidor en ejecución en ese host y aceptando conexiones TCP/IP?
	falló la conexión al servidor en «localhost» (127.0.0.1), puerto 5433: Connection refused (0x0000274D/10061)
		¿Está el servidor en ejecución en ese host y aceptando conexiones TCP/IP?
08134385K 09066309P; ; 2025-05-15 12:06:47.956 CEST LOG:  waiting for WAL to become available at 9/8F004670
08134385K 09066309P; ; 2025-05-15 12:06:52.929 CEST FATAL:  no se pudo conectar al servidor primario: falló la conexión al servidor en «localhost» (::1), puerto 5433: Connection refused (0x0000274D/10061)
		¿Está el servidor en ejecución en ese host y aceptando conexiones TCP/IP?
	falló la conexión al servidor en «localhost» (127.0.0.1), puerto 5433: Connection refused (0x0000274D/10061)
		¿Está el servidor en ejecución en ese host y aceptando conexiones TCP/IP?
08134385K 09066309P; ; 2025-05-15 12:06:52.930 CEST LOG:  waiting for WAL to become available at 9/8F004670
08134385K 09066309P; ; 2025-05-15 12:06:57.925 CEST FATAL:  no se pudo conectar al servidor primario: falló la conexión al servidor en «localhost» (::1), puerto 5433: Connection refused (0x0000274D/10061)
		¿Está el servidor en ejecución en ese host y aceptando conexiones TCP/IP?
	falló la conexión al servidor en «localhost» (127.0.0.1), puerto 5433: Connection refused (0x0000274D/10061)
		¿Está el servidor en ejecución en ese host y aceptando conexiones TCP/IP?
08134385K 09066309P; ; 2025-05-15 12:06:57.926 CEST LOG:  waiting for WAL to become available at 9/8F004670
08134385K 09066309P; ; 2025-05-15 12:07:02.948 CEST FATAL:  no se pudo conectar al servidor primario: falló la conexión al servidor en «localhost» (::1), puerto 5433: Connection refused (0x0000274D/10061)
		¿Está el servidor en ejecución en ese host y aceptando conexiones TCP/IP?
	falló la conexión al servidor en «localhost» (127.0.0.1), puerto 5433: Connection refused (0x0000274D/10061)
		¿Está el servidor en ejecución en ese host y aceptando conexiones TCP/IP?
08134385K 09066309P; ; 2025-05-15 12:07:02.949 CEST LOG:  waiting for WAL to become available at 9/8F004670
08134385K 09066309P; ; 2025-05-15 12:07:07.974 CEST FATAL:  no se pudo conectar al servidor primario: falló la conexión al servidor en «localhost» (::1), puerto 5433: Connection refused (0x0000274D/10061)
		¿Está el servidor en ejecución en ese host y aceptando conexiones TCP/IP?
	falló la conexión al servidor en «localhost» (127.0.0.1), puerto 5433: Connection refused (0x0000274D/10061)
		¿Está el servidor en ejecución en ese host y aceptando conexiones TCP/IP?
08134385K 09066309P; ; 2025-05-15 12:07:07.974 CEST LOG:  waiting for WAL to become available at 9/8F004670
08134385K 09066309P; ; 2025-05-15 12:07:12.979 CEST FATAL:  no se pudo conectar al servidor primario: falló la conexión al servidor en «localhost» (::1), puerto 5433: Connection refused (0x0000274D/10061)
		¿Está el servidor en ejecución en ese host y aceptando conexiones TCP/IP?
	falló la conexión al servidor en «localhost» (127.0.0.1), puerto 5433: Connection refused (0x0000274D/10061)
		¿Está el servidor en ejecución en ese host y aceptando conexiones TCP/IP?
08134385K 09066309P; ; 2025-05-15 12:07:12.980 CEST LOG:  waiting for WAL to become available at 9/8F004670
08134385K 09066309P; ; 2025-05-15 12:07:17.974 CEST FATAL:  no se pudo conectar al servidor primario: falló la conexión al servidor en «localhost» (::1), puerto 5433: Connection refused (0x0000274D/10061)
		¿Está el servidor en ejecución en ese host y aceptando conexiones TCP/IP?
	falló la conexión al servidor en «localhost» (127.0.0.1), puerto 5433: Connection refused (0x0000274D/10061)
		¿Está el servidor en ejecución en ese host y aceptando conexiones TCP/IP?
08134385K 09066309P; ; 2025-05-15 12:07:17.975 CEST LOG:  waiting for WAL to become available at 9/8F004670
08134385K 09066309P; ; 2025-05-15 12:07:22.985 CEST FATAL:  no se pudo conectar al servidor primario: falló la conexión al servidor en «localhost» (::1), puerto 5433: Connection refused (0x0000274D/10061)
		¿Está el servidor en ejecución en ese host y aceptando conexiones TCP/IP?
	falló la conexión al servidor en «localhost» (127.0.0.1), puerto 5433: Connection refused (0x0000274D/10061)
		¿Está el servidor en ejecución en ese host y aceptando conexiones TCP/IP?
08134385K 09066309P; ; 2025-05-15 12:07:22.986 CEST LOG:  waiting for WAL to become available at 9/8F004670
08134385K 09066309P; ; 2025-05-15 12:07:27.998 CEST FATAL:  no se pudo conectar al servidor primario: falló la conexión al servidor en «localhost» (::1), puerto 5433: Connection refused (0x0000274D/10061)
		¿Está el servidor en ejecución en ese host y aceptando conexiones TCP/IP?
	falló la conexión al servidor en «localhost» (127.0.0.1), puerto 5433: Connection refused (0x0000274D/10061)
		¿Está el servidor en ejecución en ese host y aceptando conexiones TCP/IP?
08134385K 09066309P; ; 2025-05-15 12:07:27.998 CEST LOG:  waiting for WAL to become available at 9/8F004670
08134385K 09066309P; ; 2025-05-15 12:07:33.010 CEST FATAL:  no se pudo conectar al servidor primario: falló la conexión al servidor en «localhost» (::1), puerto 5433: Connection refused (0x0000274D/10061)
		¿Está el servidor en ejecución en ese host y aceptando conexiones TCP/IP?
	falló la conexión al servidor en «localhost» (127.0.0.1), puerto 5433: Connection refused (0x0000274D/10061)
		¿Está el servidor en ejecución en ese host y aceptando conexiones TCP/IP?
08134385K 09066309P; ; 2025-05-15 12:07:33.010 CEST LOG:  waiting for WAL to become available at 9/8F004670
08134385K 09066309P; ; 2025-05-15 12:07:38.006 CEST FATAL:  no se pudo conectar al servidor primario: falló la conexión al servidor en «localhost» (::1), puerto 5433: Connection refused (0x0000274D/10061)
		¿Está el servidor en ejecución en ese host y aceptando conexiones TCP/IP?
	falló la conexión al servidor en «localhost» (127.0.0.1), puerto 5433: Connection refused (0x0000274D/10061)
		¿Está el servidor en ejecución en ese host y aceptando conexiones TCP/IP?
08134385K 09066309P; ; 2025-05-15 12:07:38.007 CEST LOG:  waiting for WAL to become available at 9/8F004670
08134385K 09066309P; ; 2025-05-15 12:07:43.022 CEST FATAL:  no se pudo conectar al servidor primario: falló la conexión al servidor en «localhost» (::1), puerto 5433: Connection refused (0x0000274D/10061)
		¿Está el servidor en ejecución en ese host y aceptando conexiones TCP/IP?
	falló la conexión al servidor en «localhost» (127.0.0.1), puerto 5433: Connection refused (0x0000274D/10061)
		¿Está el servidor en ejecución en ese host y aceptando conexiones TCP/IP?
08134385K 09066309P; ; 2025-05-15 12:07:43.022 CEST LOG:  waiting for WAL to become available at 9/8F004670
08134385K 09066309P; ; 2025-05-15 12:07:48.127 CEST FATAL:  no se pudo conectar al servidor primario: falló la conexión al servidor en «localhost» (::1), puerto 5433: Connection refused (0x0000274D/10061)
		¿Está el servidor en ejecución en ese host y aceptando conexiones TCP/IP?
	falló la conexión al servidor en «localhost» (127.0.0.1), puerto 5433: Connection refused (0x0000274D/10061)
		¿Está el servidor en ejecución en ese host y aceptando conexiones TCP/IP?
08134385K 09066309P; ; 2025-05-15 12:07:48.128 CEST LOG:  waiting for WAL to become available at 9/8F004670
08134385K 09066309P; ; 2025-05-15 12:07:53.043 CEST FATAL:  no se pudo conectar al servidor primario: falló la conexión al servidor en «localhost» (::1), puerto 5433: Connection refused (0x0000274D/10061)
		¿Está el servidor en ejecución en ese host y aceptando conexiones TCP/IP?
	falló la conexión al servidor en «localhost» (127.0.0.1), puerto 5433: Connection refused (0x0000274D/10061)
		¿Está el servidor en ejecución en ese host y aceptando conexiones TCP/IP?
08134385K 09066309P; ; 2025-05-15 12:07:53.043 CEST LOG:  waiting for WAL to become available at 9/8F004670
08134385K 09066309P; ; 2025-05-15 12:07:58.179 CEST FATAL:  no se pudo conectar al servidor primario: falló la conexión al servidor en «localhost» (::1), puerto 5433: Connection refused (0x0000274D/10061)
		¿Está el servidor en ejecución en ese host y aceptando conexiones TCP/IP?
	falló la conexión al servidor en «localhost» (127.0.0.1), puerto 5433: Connection refused (0x0000274D/10061)
		¿Está el servidor en ejecución en ese host y aceptando conexiones TCP/IP?
08134385K 09066309P; ; 2025-05-15 12:07:58.179 CEST LOG:  waiting for WAL to become available at 9/8F004670
08134385K 09066309P; ; 2025-05-15 12:08:03.040 CEST FATAL:  no se pudo conectar al servidor primario: falló la conexión al servidor en «localhost» (::1), puerto 5433: Connection refused (0x0000274D/10061)
		¿Está el servidor en ejecución en ese host y aceptando conexiones TCP/IP?
	falló la conexión al servidor en «localhost» (127.0.0.1), puerto 5433: Connection refused (0x0000274D/10061)
		¿Está el servidor en ejecución en ese host y aceptando conexiones TCP/IP?
08134385K 09066309P; ; 2025-05-15 12:08:03.040 CEST LOG:  waiting for WAL to become available at 9/8F004670
08134385K 09066309P; ; 2025-05-15 12:08:08.077 CEST FATAL:  no se pudo conectar al servidor primario: falló la conexión al servidor en «localhost» (::1), puerto 5433: Connection refused (0x0000274D/10061)
		¿Está el servidor en ejecución en ese host y aceptando conexiones TCP/IP?
	falló la conexión al servidor en «localhost» (127.0.0.1), puerto 5433: Connection refused (0x0000274D/10061)
		¿Está el servidor en ejecución en ese host y aceptando conexiones TCP/IP?
08134385K 09066309P; ; 2025-05-15 12:08:08.078 CEST LOG:  waiting for WAL to become available at 9/8F004670
08134385K 09066309P; ; 2025-05-15 12:08:13.090 CEST FATAL:  no se pudo conectar al servidor primario: falló la conexión al servidor en «localhost» (::1), puerto 5433: Connection refused (0x0000274D/10061)
		¿Está el servidor en ejecución en ese host y aceptando conexiones TCP/IP?
	falló la conexión al servidor en «localhost» (127.0.0.1), puerto 5433: Connection refused (0x0000274D/10061)
		¿Está el servidor en ejecución en ese host y aceptando conexiones TCP/IP?
08134385K 09066309P; ; 2025-05-15 12:08:13.090 CEST LOG:  waiting for WAL to become available at 9/8F004670
08134385K 09066309P; ; 2025-05-15 12:08:18.086 CEST FATAL:  no se pudo conectar al servidor primario: falló la conexión al servidor en «localhost» (::1), puerto 5433: Connection refused (0x0000274D/10061)
		¿Está el servidor en ejecución en ese host y aceptando conexiones TCP/IP?
	falló la conexión al servidor en «localhost» (127.0.0.1), puerto 5433: Connection refused (0x0000274D/10061)
		¿Está el servidor en ejecución en ese host y aceptando conexiones TCP/IP?
08134385K 09066309P; ; 2025-05-15 12:08:18.086 CEST LOG:  waiting for WAL to become available at 9/8F004670
08134385K 09066309P; ; 2025-05-15 12:08:23.095 CEST FATAL:  no se pudo conectar al servidor primario: falló la conexión al servidor en «localhost» (::1), puerto 5433: Connection refused (0x0000274D/10061)
		¿Está el servidor en ejecución en ese host y aceptando conexiones TCP/IP?
	falló la conexión al servidor en «localhost» (127.0.0.1), puerto 5433: Connection refused (0x0000274D/10061)
		¿Está el servidor en ejecución en ese host y aceptando conexiones TCP/IP?
08134385K 09066309P; ; 2025-05-15 12:08:23.095 CEST LOG:  waiting for WAL to become available at 9/8F004670
08134385K 09066309P; ; 2025-05-15 12:08:28.119 CEST FATAL:  no se pudo conectar al servidor primario: falló la conexión al servidor en «localhost» (::1), puerto 5433: Connection refused (0x0000274D/10061)
		¿Está el servidor en ejecución en ese host y aceptando conexiones TCP/IP?
	falló la conexión al servidor en «localhost» (127.0.0.1), puerto 5433: Connection refused (0x0000274D/10061)
		¿Está el servidor en ejecución en ese host y aceptando conexiones TCP/IP?
08134385K 09066309P; ; 2025-05-15 12:08:28.120 CEST LOG:  waiting for WAL to become available at 9/8F004670
08134385K 09066309P; ; 2025-05-15 12:08:33.238 CEST FATAL:  no se pudo conectar al servidor primario: falló la conexión al servidor en «localhost» (::1), puerto 5433: Connection refused (0x0000274D/10061)
		¿Está el servidor en ejecución en ese host y aceptando conexiones TCP/IP?
	falló la conexión al servidor en «localhost» (127.0.0.1), puerto 5433: Connection refused (0x0000274D/10061)
		¿Está el servidor en ejecución en ese host y aceptando conexiones TCP/IP?
08134385K 09066309P; ; 2025-05-15 12:08:33.239 CEST LOG:  waiting for WAL to become available at 9/8F004670
08134385K 09066309P; ; 2025-05-15 12:08:35.727 CEST LOG:  iniciando el flujo de WAL desde el primario en 9/8F000000 en el timeline 1
08134385K 09066309P; ; 2025-05-15 12:08:57.228 CEST LOG:  se recibió petición de apagado rápido
08134385K 09066309P; ; 2025-05-15 12:08:57.233 CEST LOG:  abortando transacciones activas
08134385K 09066309P; ; 2025-05-15 12:08:57.234 CEST FATAL:  terminando el proceso walreceiver debido a una orden del administrador
08134385K 09066309P; ; 2025-05-15 12:08:57.241 CEST LOG:  apagando
08134385K 09066309P; ; 2025-05-15 12:08:57.254 CEST LOG:  el sistema de bases de datos está apagado
